This is pdfTeX, Version 3.14159265-2.6-1.40.16 (TeX Live 2015/Debian) (preloaded format=pdflatex 2018.8.1)  25 AUG 2018 19:22
entering extended mode
 \write18 enabled.
 %&-line parsing enabled.
**main.tex
(/home/jlsuarezdiaz/Documentos/Github/TFG/memory/main.tex
LaTeX2e <2016/02/01>
Babel <3.9q> and hyphenation patterns for 81 language(s) loaded.
(/usr/share/texlive/texmf-dist/tex/latex/base/book.cls
Document Class: book 2014/09/29 v1.4h Standard LaTeX document class
(/usr/share/texlive/texmf-dist/tex/latex/base/bk10.clo
File: bk10.clo 2014/09/29 v1.4h Standard LaTeX file (size option)
)
\c@part=\count79
\c@chapter=\count80
\c@section=\count81
\c@subsection=\count82
\c@subsubsection=\count83
\c@paragraph=\count84
\c@subparagraph=\count85
\c@figure=\count86
\c@table=\count87
\abovecaptionskip=\skip41
\belowcaptionskip=\skip42
\bibindent=\dimen102
)
(/home/jlsuarezdiaz/Documentos/Github/TFG/memory/spanish.sty
Package: spanish 2017

(/usr/share/texlive/texmf-dist/tex/generic/babel/babel.sty
Package: babel 2016/02/24 3.9q The Babel package

(/usr/share/texlive/texmf-dist/tex/generic/babel-spanish/spanish.ldf
Language: spanish.ldf 2016/01/15 v5.0o Spanish support from the babel system

(/usr/share/texlive/texmf-dist/tex/generic/babel/babel.def
File: babel.def 2016/02/24 3.9q Babel common definitions
\babel@savecnt=\count88
\U@D=\dimen103
)
\es@quottoks=\toks14
\es@quotdepth=\count89
Package babel Info: Making " an active character on input line 533.
Package babel Info: Making . an active character on input line 634.
))
(/usr/share/texlive/texmf-dist/tex/latex/base/inputenc.sty
Package: inputenc 2015/03/17 v1.2c Input encoding file
\inpenc@prehook=\toks15
\inpenc@posthook=\toks16

(/usr/share/texlive/texmf-dist/tex/latex/base/utf8.def
File: utf8.def 2015/12/03 v1.1r UTF-8 support for inputenc
Now handling font encoding OML ...
... no UTF-8 mapping file for font encoding OML
Now handling font encoding T1 ...
... processing UTF-8 mapping file for font encoding T1

(/usr/share/texlive/texmf-dist/tex/latex/base/t1enc.dfu
File: t1enc.dfu 2015/12/03 v1.1r UTF-8 support for inputenc
   defining Unicode char U+00A0 (decimal 160)
   defining Unicode char U+00A1 (decimal 161)
   defining Unicode char U+00A3 (decimal 163)
   defining Unicode char U+00AB (decimal 171)
   defining Unicode char U+00AD (decimal 173)
   defining Unicode char U+00BB (decimal 187)
   defining Unicode char U+00BF (decimal 191)
   defining Unicode char U+00C0 (decimal 192)
   defining Unicode char U+00C1 (decimal 193)
   defining Unicode char U+00C2 (decimal 194)
   defining Unicode char U+00C3 (decimal 195)
   defining Unicode char U+00C4 (decimal 196)
   defining Unicode char U+00C5 (decimal 197)
   defining Unicode char U+00C6 (decimal 198)
   defining Unicode char U+00C7 (decimal 199)
   defining Unicode char U+00C8 (decimal 200)
   defining Unicode char U+00C9 (decimal 201)
   defining Unicode char U+00CA (decimal 202)
   defining Unicode char U+00CB (decimal 203)
   defining Unicode char U+00CC (decimal 204)
   defining Unicode char U+00CD (decimal 205)
   defining Unicode char U+00CE (decimal 206)
   defining Unicode char U+00CF (decimal 207)
   defining Unicode char U+00D0 (decimal 208)
   defining Unicode char U+00D1 (decimal 209)
   defining Unicode char U+00D2 (decimal 210)
   defining Unicode char U+00D3 (decimal 211)
   defining Unicode char U+00D4 (decimal 212)
   defining Unicode char U+00D5 (decimal 213)
   defining Unicode char U+00D6 (decimal 214)
   defining Unicode char U+00D8 (decimal 216)
   defining Unicode char U+00D9 (decimal 217)
   defining Unicode char U+00DA (decimal 218)
   defining Unicode char U+00DB (decimal 219)
   defining Unicode char U+00DC (decimal 220)
   defining Unicode char U+00DD (decimal 221)
   defining Unicode char U+00DE (decimal 222)
   defining Unicode char U+00DF (decimal 223)
   defining Unicode char U+00E0 (decimal 224)
   defining Unicode char U+00E1 (decimal 225)
   defining Unicode char U+00E2 (decimal 226)
   defining Unicode char U+00E3 (decimal 227)
   defining Unicode char U+00E4 (decimal 228)
   defining Unicode char U+00E5 (decimal 229)
   defining Unicode char U+00E6 (decimal 230)
   defining Unicode char U+00E7 (decimal 231)
   defining Unicode char U+00E8 (decimal 232)
   defining Unicode char U+00E9 (decimal 233)
   defining Unicode char U+00EA (decimal 234)
   defining Unicode char U+00EB (decimal 235)
   defining Unicode char U+00EC (decimal 236)
   defining Unicode char U+00ED (decimal 237)
   defining Unicode char U+00EE (decimal 238)
   defining Unicode char U+00EF (decimal 239)
   defining Unicode char U+00F0 (decimal 240)
   defining Unicode char U+00F1 (decimal 241)
   defining Unicode char U+00F2 (decimal 242)
   defining Unicode char U+00F3 (decimal 243)
   defining Unicode char U+00F4 (decimal 244)
   defining Unicode char U+00F5 (decimal 245)
   defining Unicode char U+00F6 (decimal 246)
   defining Unicode char U+00F8 (decimal 248)
   defining Unicode char U+00F9 (decimal 249)
   defining Unicode char U+00FA (decimal 250)
   defining Unicode char U+00FB (decimal 251)
   defining Unicode char U+00FC (decimal 252)
   defining Unicode char U+00FD (decimal 253)
   defining Unicode char U+00FE (decimal 254)
   defining Unicode char U+00FF (decimal 255)
   defining Unicode char U+0100 (decimal 256)
   defining Unicode char U+0101 (decimal 257)
   defining Unicode char U+0102 (decimal 258)
   defining Unicode char U+0103 (decimal 259)
   defining Unicode char U+0104 (decimal 260)
   defining Unicode char U+0105 (decimal 261)
   defining Unicode char U+0106 (decimal 262)
   defining Unicode char U+0107 (decimal 263)
   defining Unicode char U+0108 (decimal 264)
   defining Unicode char U+0109 (decimal 265)
   defining Unicode char U+010A (decimal 266)
   defining Unicode char U+010B (decimal 267)
   defining Unicode char U+010C (decimal 268)
   defining Unicode char U+010D (decimal 269)
   defining Unicode char U+010E (decimal 270)
   defining Unicode char U+010F (decimal 271)
   defining Unicode char U+0110 (decimal 272)
   defining Unicode char U+0111 (decimal 273)
   defining Unicode char U+0112 (decimal 274)
   defining Unicode char U+0113 (decimal 275)
   defining Unicode char U+0114 (decimal 276)
   defining Unicode char U+0115 (decimal 277)
   defining Unicode char U+0116 (decimal 278)
   defining Unicode char U+0117 (decimal 279)
   defining Unicode char U+0118 (decimal 280)
   defining Unicode char U+0119 (decimal 281)
   defining Unicode char U+011A (decimal 282)
   defining Unicode char U+011B (decimal 283)
   defining Unicode char U+011C (decimal 284)
   defining Unicode char U+011D (decimal 285)
   defining Unicode char U+011E (decimal 286)
   defining Unicode char U+011F (decimal 287)
   defining Unicode char U+0120 (decimal 288)
   defining Unicode char U+0121 (decimal 289)
   defining Unicode char U+0122 (decimal 290)
   defining Unicode char U+0123 (decimal 291)
   defining Unicode char U+0124 (decimal 292)
   defining Unicode char U+0125 (decimal 293)
   defining Unicode char U+0128 (decimal 296)
   defining Unicode char U+0129 (decimal 297)
   defining Unicode char U+012A (decimal 298)
   defining Unicode char U+012B (decimal 299)
   defining Unicode char U+012C (decimal 300)
   defining Unicode char U+012D (decimal 301)
   defining Unicode char U+012E (decimal 302)
   defining Unicode char U+012F (decimal 303)
   defining Unicode char U+0130 (decimal 304)
   defining Unicode char U+0131 (decimal 305)
   defining Unicode char U+0132 (decimal 306)
   defining Unicode char U+0133 (decimal 307)
   defining Unicode char U+0134 (decimal 308)
   defining Unicode char U+0135 (decimal 309)
   defining Unicode char U+0136 (decimal 310)
   defining Unicode char U+0137 (decimal 311)
   defining Unicode char U+0139 (decimal 313)
   defining Unicode char U+013A (decimal 314)
   defining Unicode char U+013B (decimal 315)
   defining Unicode char U+013C (decimal 316)
   defining Unicode char U+013D (decimal 317)
   defining Unicode char U+013E (decimal 318)
   defining Unicode char U+0141 (decimal 321)
   defining Unicode char U+0142 (decimal 322)
   defining Unicode char U+0143 (decimal 323)
   defining Unicode char U+0144 (decimal 324)
   defining Unicode char U+0145 (decimal 325)
   defining Unicode char U+0146 (decimal 326)
   defining Unicode char U+0147 (decimal 327)
   defining Unicode char U+0148 (decimal 328)
   defining Unicode char U+014A (decimal 330)
   defining Unicode char U+014B (decimal 331)
   defining Unicode char U+014C (decimal 332)
   defining Unicode char U+014D (decimal 333)
   defining Unicode char U+014E (decimal 334)
   defining Unicode char U+014F (decimal 335)
   defining Unicode char U+0150 (decimal 336)
   defining Unicode char U+0151 (decimal 337)
   defining Unicode char U+0152 (decimal 338)
   defining Unicode char U+0153 (decimal 339)
   defining Unicode char U+0154 (decimal 340)
   defining Unicode char U+0155 (decimal 341)
   defining Unicode char U+0156 (decimal 342)
   defining Unicode char U+0157 (decimal 343)
   defining Unicode char U+0158 (decimal 344)
   defining Unicode char U+0159 (decimal 345)
   defining Unicode char U+015A (decimal 346)
   defining Unicode char U+015B (decimal 347)
   defining Unicode char U+015C (decimal 348)
   defining Unicode char U+015D (decimal 349)
   defining Unicode char U+015E (decimal 350)
   defining Unicode char U+015F (decimal 351)
   defining Unicode char U+0160 (decimal 352)
   defining Unicode char U+0161 (decimal 353)
   defining Unicode char U+0162 (decimal 354)
   defining Unicode char U+0163 (decimal 355)
   defining Unicode char U+0164 (decimal 356)
   defining Unicode char U+0165 (decimal 357)
   defining Unicode char U+0168 (decimal 360)
   defining Unicode char U+0169 (decimal 361)
   defining Unicode char U+016A (decimal 362)
   defining Unicode char U+016B (decimal 363)
   defining Unicode char U+016C (decimal 364)
   defining Unicode char U+016D (decimal 365)
   defining Unicode char U+016E (decimal 366)
   defining Unicode char U+016F (decimal 367)
   defining Unicode char U+0170 (decimal 368)
   defining Unicode char U+0171 (decimal 369)
   defining Unicode char U+0172 (decimal 370)
   defining Unicode char U+0173 (decimal 371)
   defining Unicode char U+0174 (decimal 372)
   defining Unicode char U+0175 (decimal 373)
   defining Unicode char U+0176 (decimal 374)
   defining Unicode char U+0177 (decimal 375)
   defining Unicode char U+0178 (decimal 376)
   defining Unicode char U+0179 (decimal 377)
   defining Unicode char U+017A (decimal 378)
   defining Unicode char U+017B (decimal 379)
   defining Unicode char U+017C (decimal 380)
   defining Unicode char U+017D (decimal 381)
   defining Unicode char U+017E (decimal 382)
   defining Unicode char U+01CD (decimal 461)
   defining Unicode char U+01CE (decimal 462)
   defining Unicode char U+01CF (decimal 463)
   defining Unicode char U+01D0 (decimal 464)
   defining Unicode char U+01D1 (decimal 465)
   defining Unicode char U+01D2 (decimal 466)
   defining Unicode char U+01D3 (decimal 467)
   defining Unicode char U+01D4 (decimal 468)
   defining Unicode char U+01E2 (decimal 482)
   defining Unicode char U+01E3 (decimal 483)
   defining Unicode char U+01E6 (decimal 486)
   defining Unicode char U+01E7 (decimal 487)
   defining Unicode char U+01E8 (decimal 488)
   defining Unicode char U+01E9 (decimal 489)
   defining Unicode char U+01EA (decimal 490)
   defining Unicode char U+01EB (decimal 491)
   defining Unicode char U+01F0 (decimal 496)
   defining Unicode char U+01F4 (decimal 500)
   defining Unicode char U+01F5 (decimal 501)
   defining Unicode char U+0218 (decimal 536)
   defining Unicode char U+0219 (decimal 537)
   defining Unicode char U+021A (decimal 538)
   defining Unicode char U+021B (decimal 539)
   defining Unicode char U+01E02 (decimal 7682)
   defining Unicode char U+01E03 (decimal 7683)
   defining Unicode char U+200C (decimal 8204)
   defining Unicode char U+2013 (decimal 8211)
   defining Unicode char U+2014 (decimal 8212)
   defining Unicode char U+2018 (decimal 8216)
   defining Unicode char U+2019 (decimal 8217)
   defining Unicode char U+201A (decimal 8218)
   defining Unicode char U+201C (decimal 8220)
   defining Unicode char U+201D (decimal 8221)
   defining Unicode char U+201E (decimal 8222)
   defining Unicode char U+2030 (decimal 8240)
   defining Unicode char U+2031 (decimal 8241)
   defining Unicode char U+2039 (decimal 8249)
   defining Unicode char U+203A (decimal 8250)
   defining Unicode char U+2423 (decimal 9251)
)
Now handling font encoding OT1 ...
... processing UTF-8 mapping file for font encoding OT1

(/usr/share/texlive/texmf-dist/tex/latex/base/ot1enc.dfu
File: ot1enc.dfu 2015/12/03 v1.1r UTF-8 support for inputenc
   defining Unicode char U+00A0 (decimal 160)
   defining Unicode char U+00A1 (decimal 161)
   defining Unicode char U+00A3 (decimal 163)
   defining Unicode char U+00AD (decimal 173)
   defining Unicode char U+00B8 (decimal 184)
   defining Unicode char U+00BF (decimal 191)
   defining Unicode char U+00C5 (decimal 197)
   defining Unicode char U+00C6 (decimal 198)
   defining Unicode char U+00D8 (decimal 216)
   defining Unicode char U+00DF (decimal 223)
   defining Unicode char U+00E6 (decimal 230)
   defining Unicode char U+00EC (decimal 236)
   defining Unicode char U+00ED (decimal 237)
   defining Unicode char U+00EE (decimal 238)
   defining Unicode char U+00EF (decimal 239)
   defining Unicode char U+00F8 (decimal 248)
   defining Unicode char U+0131 (decimal 305)
   defining Unicode char U+0141 (decimal 321)
   defining Unicode char U+0142 (decimal 322)
   defining Unicode char U+0152 (decimal 338)
   defining Unicode char U+0153 (decimal 339)
   defining Unicode char U+0174 (decimal 372)
   defining Unicode char U+0175 (decimal 373)
   defining Unicode char U+0176 (decimal 374)
   defining Unicode char U+0177 (decimal 375)
   defining Unicode char U+0218 (decimal 536)
   defining Unicode char U+0219 (decimal 537)
   defining Unicode char U+021A (decimal 538)
   defining Unicode char U+021B (decimal 539)
   defining Unicode char U+2013 (decimal 8211)
   defining Unicode char U+2014 (decimal 8212)
   defining Unicode char U+2018 (decimal 8216)
   defining Unicode char U+2019 (decimal 8217)
   defining Unicode char U+201C (decimal 8220)
   defining Unicode char U+201D (decimal 8221)
)
Now handling font encoding OMS ...
... processing UTF-8 mapping file for font encoding OMS

(/usr/share/texlive/texmf-dist/tex/latex/base/omsenc.dfu
File: omsenc.dfu 2015/12/03 v1.1r UTF-8 support for inputenc
   defining Unicode char U+00A7 (decimal 167)
   defining Unicode char U+00B6 (decimal 182)
   defining Unicode char U+00B7 (decimal 183)
   defining Unicode char U+2020 (decimal 8224)
   defining Unicode char U+2021 (decimal 8225)
   defining Unicode char U+2022 (decimal 8226)
)
Now handling font encoding OMX ...
... no UTF-8 mapping file for font encoding OMX
Now handling font encoding U ...
... no UTF-8 mapping file for font encoding U
   defining Unicode char U+00A9 (decimal 169)
   defining Unicode char U+00AA (decimal 170)
   defining Unicode char U+00AE (decimal 174)
   defining Unicode char U+00BA (decimal 186)
   defining Unicode char U+02C6 (decimal 710)
   defining Unicode char U+02DC (decimal 732)
   defining Unicode char U+200C (decimal 8204)
   defining Unicode char U+2026 (decimal 8230)
   defining Unicode char U+2122 (decimal 8482)
   defining Unicode char U+2423 (decimal 9251)
))
LaTeX Info: Redefining \. on input line 21.
LaTeX Info: Redefining \% on input line 21.
)
(/home/jlsuarezdiaz/Documentos/Github/TFG/memory/mathematics.sty
Package: mathematics 2018

(/usr/share/texlive/texmf-dist/tex/generic/xstring/xstring.sty
(/usr/share/texlive/texmf-dist/tex/generic/xstring/xstring.tex
\@xs@message=\write3
\integerpart=\count90
\decimalpart=\count91
)
Package: xstring 2013/10/13  v1.7c  String manipulations (C Tellechea)
)
(/usr/share/texlive/texmf-dist/tex/latex/l3packages/xparse/xparse.sty
(/usr/share/texlive/texmf-dist/tex/latex/l3kernel/expl3.sty
Package: expl3 2016/01/19 v6377 L3 programming layer (loader) 

(/usr/share/texlive/texmf-dist/tex/latex/l3kernel/expl3-code.tex
Package: expl3 2016/01/19 v6377 L3 programming layer (code)
L3 Module: l3bootstrap 2016/01/01 v6339 L3 Bootstrap code
L3 Module: l3names 2015/12/21 v6328 L3 Namespace for primitives
L3 Module: l3basics 2015/11/22 v6315 L3 Basic definitions
L3 Module: l3expan 2015/09/10 v5983 L3 Argument expansion
L3 Module: l3tl 2015/09/29 v6121 L3 Token lists
L3 Module: l3str 2016/01/03 v6357 L3 Strings
L3 Module: l3seq 2015/08/05 v5777 L3 Sequences and stacks
L3 Module: l3int 2016/01/05 v6366 L3 Integers
\c_max_int=\count92
\l_tmpa_int=\count93
\l_tmpb_int=\count94
\g_tmpa_int=\count95
\g_tmpb_int=\count96
L3 Module: l3quark 2015/08/17 v5855 L3 Quarks
L3 Module: l3prg 2015/11/01 v6216 L3 Control structures
\g__prg_map_int=\count97
L3 Module: l3clist 2015/09/02 v5901 L3 Comma separated lists
L3 Module: l3token 2015/11/11 v6249 L3 Experimental token manipulation
L3 Module: l3prop 2016/01/05 v6366 L3 Property lists
L3 Module: l3msg 2015/09/28 v6113 L3 Messages
L3 Module: l3file 2015/12/03 v6317 L3 File and I/O operations
\l_iow_line_count_int=\count98
\l__iow_target_count_int=\count99
\l__iow_current_line_int=\count100
\l__iow_current_word_int=\count101
\l__iow_current_indentation_int=\count102
L3 Module: l3skip 2016/01/05 v6366 L3 Dimensions and skips
\c_zero_dim=\dimen104
\c_max_dim=\dimen105
\l_tmpa_dim=\dimen106
\l_tmpb_dim=\dimen107
\g_tmpa_dim=\dimen108
\g_tmpb_dim=\dimen109
\c_zero_skip=\skip43
\c_max_skip=\skip44
\l_tmpa_skip=\skip45
\l_tmpb_skip=\skip46
\g_tmpa_skip=\skip47
\g_tmpb_skip=\skip48
\c_zero_muskip=\muskip10
\c_max_muskip=\muskip11
\l_tmpa_muskip=\muskip12
\l_tmpb_muskip=\muskip13
\g_tmpa_muskip=\muskip14
\g_tmpb_muskip=\muskip15
L3 Module: l3keys 2015/11/17 v6284 L3 Key-value interfaces
\g__keyval_level_int=\count103
\l_keys_choice_int=\count104
L3 Module: l3fp 2015/08/25 v5890 L3 Floating points
\c__fp_leading_shift_int=\count105
\c__fp_middle_shift_int=\count106
\c__fp_trailing_shift_int=\count107
\c__fp_big_leading_shift_int=\count108
\c__fp_big_middle_shift_int=\count109
\c__fp_big_trailing_shift_int=\count110
\c__fp_Bigg_leading_shift_int=\count111
\c__fp_Bigg_middle_shift_int=\count112
\c__fp_Bigg_trailing_shift_int=\count113
L3 Module: l3box 2015/08/09 v5822 L3 Experimental boxes
\c_empty_box=\box26
\l_tmpa_box=\box27
\l_tmpb_box=\box28
\g_tmpa_box=\box29
\g_tmpb_box=\box30
L3 Module: l3coffins 2015/08/06 v5789 L3 Coffin code layer
\l__coffin_internal_box=\box31
\l__coffin_internal_dim=\dimen110
\l__coffin_offset_x_dim=\dimen111
\l__coffin_offset_y_dim=\dimen112
\l__coffin_x_dim=\dimen113
\l__coffin_y_dim=\dimen114
\l__coffin_x_prime_dim=\dimen115
\l__coffin_y_prime_dim=\dimen116
\c_empty_coffin=\box32
\l__coffin_aligned_coffin=\box33
\l__coffin_aligned_internal_coffin=\box34
\l_tmpa_coffin=\box35
\l_tmpb_coffin=\box36
\l__coffin_display_coffin=\box37
\l__coffin_display_coord_coffin=\box38
\l__coffin_display_pole_coffin=\box39
\l__coffin_display_offset_dim=\dimen117
\l__coffin_display_x_dim=\dimen118
\l__coffin_display_y_dim=\dimen119
L3 Module: l3color 2014/08/23 v5354 L3 Experimental color support
L3 Module: l3sys 2015/09/25 v6087 L3 Experimental system/runtime functions
L3 Module: l3candidates 2016/01/14 v6376 L3 Experimental additions to l3kernel
\l__box_top_dim=\dimen120
\l__box_bottom_dim=\dimen121
\l__box_left_dim=\dimen122
\l__box_right_dim=\dimen123
\l__box_top_new_dim=\dimen124
\l__box_bottom_new_dim=\dimen125
\l__box_left_new_dim=\dimen126
\l__box_right_new_dim=\dimen127
\l__box_internal_box=\box40
\l__coffin_bounding_shift_dim=\dimen128
\l__coffin_left_corner_dim=\dimen129
\l__coffin_right_corner_dim=\dimen130
\l__coffin_bottom_corner_dim=\dimen131
\l__coffin_top_corner_dim=\dimen132
\l__coffin_scaled_total_height_dim=\dimen133
\l__coffin_scaled_width_dim=\dimen134
L3 Module: l3luatex 2015/11/11 v6250 L3 Experimental LuaTeX-specific functions
)
(/usr/share/texlive/texmf-dist/tex/latex/l3kernel/l3pdfmode.def
File: l3pdfmode.def 2015/11/11 v6250 L3 Experimental driver: PDF mode
\l__driver_color_stack_int=\count114
))
Package: xparse 2016/01/19 v6377 L3 Experimental document command parser
\l__xparse_current_arg_int=\count115
\l__xparse_m_args_int=\count116
\l__xparse_mandatory_args_int=\count117
\l__xparse_processor_int=\count118
\l__xparse_v_nesting_int=\count119
)
(/usr/share/texlive/texmf-dist/tex/latex/etoolbox/etoolbox.sty
Package: etoolbox 2015/08/02 v2.2a e-TeX tools for LaTeX (JAW)
\etb@tempcnta=\count120
)
(/usr/share/texlive/texmf-dist/tex/latex/enumitem/enumitem.sty
Package: enumitem 2011/09/28 v3.5.2 Customized lists
\enitkv@toks@=\toks17
\labelindent=\skip49
\enit@outerparindent=\dimen135
\enit@toks=\toks18
\enit@inbox=\box41
\enitdp@description=\count121
)
(/usr/share/texlive/texmf-dist/tex/latex/amsmath/amsmath.sty
Package: amsmath 2016/03/03 v2.15a AMS math features
\@mathmargin=\skip50

For additional information on amsmath, use the `?' option.
(/usr/share/texlive/texmf-dist/tex/latex/amsmath/amstext.sty
Package: amstext 2000/06/29 v2.01 AMS text

(/usr/share/texlive/texmf-dist/tex/latex/amsmath/amsgen.sty
File: amsgen.sty 1999/11/30 v2.0 generic functions
\@emptytoks=\toks19
\ex@=\dimen136
))
(/usr/share/texlive/texmf-dist/tex/latex/amsmath/amsbsy.sty
Package: amsbsy 1999/11/29 v1.2d Bold Symbols
\pmbraise@=\dimen137
)
(/usr/share/texlive/texmf-dist/tex/latex/amsmath/amsopn.sty
Package: amsopn 1999/12/14 v2.01 operator names
)
\inf@bad=\count122
LaTeX Info: Redefining \frac on input line 199.
\uproot@=\count123
\leftroot@=\count124
LaTeX Info: Redefining \overline on input line 297.
\classnum@=\count125
\DOTSCASE@=\count126
LaTeX Info: Redefining \ldots on input line 394.
LaTeX Info: Redefining \dots on input line 397.
LaTeX Info: Redefining \cdots on input line 518.
\Mathstrutbox@=\box42
\strutbox@=\box43
\big@size=\dimen138
LaTeX Font Info:    Redeclaring font encoding OML on input line 630.
LaTeX Font Info:    Redeclaring font encoding OMS on input line 631.
\macc@depth=\count127
\c@MaxMatrixCols=\count128
\dotsspace@=\muskip16
\c@parentequation=\count129
\dspbrk@lvl=\count130
\tag@help=\toks20
\row@=\count131
\column@=\count132
\maxfields@=\count133
\andhelp@=\toks21
\eqnshift@=\dimen139
\alignsep@=\dimen140
\tagshift@=\dimen141
\tagwidth@=\dimen142
\totwidth@=\dimen143
\lineht@=\dimen144
\@envbody=\toks22
\multlinegap=\skip51
\multlinetaggap=\skip52
\mathdisplay@stack=\toks23
LaTeX Info: Redefining \[ on input line 2735.
LaTeX Info: Redefining \] on input line 2736.
)
(/usr/share/texlive/texmf-dist/tex/latex/amscls/amsthm.sty
Package: amsthm 2015/03/04 v2.20.2
\thm@style=\toks24
\thm@bodyfont=\toks25
\thm@headfont=\toks26
\thm@notefont=\toks27
\thm@headpunct=\toks28
\thm@preskip=\skip53
\thm@postskip=\skip54
\thm@headsep=\skip55
\dth@everypar=\toks29
)
(/usr/share/texlive/texmf-dist/tex/latex/amsfonts/amssymb.sty
Package: amssymb 2013/01/14 v3.01 AMS font symbols

(/usr/share/texlive/texmf-dist/tex/latex/amsfonts/amsfonts.sty
Package: amsfonts 2013/01/14 v3.01 Basic AMSFonts support
\symAMSa=\mathgroup4
\symAMSb=\mathgroup5
LaTeX Font Info:    Overwriting math alphabet `\mathfrak' in version `bold'
(Font)                  U/euf/m/n --> U/euf/b/n on input line 106.
))
(/usr/share/texlive/texmf-dist/tex/latex/amsmath/amscd.sty
Package: amscd 1999/11/29 v2.0 AMS Commutatitive Diagrams
\athelp@=\toks30
\minaw@=\dimen145
\bigaw@=\dimen146
\minCDarrowwidth=\dimen147
)
\c@thm=\count134
\c@post=\count135
\c@definition=\count136
\c@axiom=\count137
\c@exerciseCounter=\count138
\c@sectionCopy=\count139
.................................................
. LaTeX info: "xparse/define-environment"
. 
. Defining environment 'exercise' with sig. 'O{\arabic {exerciseCounter}} d()'
. on line 366.
.................................................
LaTeX Info: Redefining \pmod on input line 393.
)
(/usr/share/texlive/texmf-dist/tex/latex/comment/comment.sty
\CommentStream=\write4

Excluding comment 'comment')
(/home/jlsuarezdiaz/Documentos/Github/TFG/memory/modern-thesis.sty
Package: modern-thesis 2018

(/usr/share/texlive/texmf-dist/tex/latex/microtype/microtype.sty
Package: microtype 2013/05/23 v2.5a Micro-typographical refinements (RS)

(/usr/share/texlive/texmf-dist/tex/latex/graphics/keyval.sty
Package: keyval 2014/10/28 v1.15 key=value parser (DPC)
\KV@toks@=\toks31
)
\MT@toks=\toks32
\MT@count=\count140
LaTeX Info: Redefining \textls on input line 766.
\MT@outer@kern=\dimen148
LaTeX Info: Redefining \textmicrotypecontext on input line 1285.
\MT@listname@count=\count141

(/usr/share/texlive/texmf-dist/tex/latex/microtype/microtype-pdftex.def
File: microtype-pdftex.def 2013/05/23 v2.5a Definitions specific to pdftex (RS)

LaTeX Info: Redefining \lsstyle on input line 915.
LaTeX Info: Redefining \lslig on input line 915.
\MT@outer@space=\skip56
)
Package microtype Info: Loading configuration file microtype.cfg.

(/usr/share/texlive/texmf-dist/tex/latex/microtype/microtype.cfg
File: microtype.cfg 2013/05/23 v2.5a microtype main configuration file (RS)
))
(/usr/share/texlive/texmf-dist/tex/latex/caption/caption.sty
Package: caption 2016/02/21 v3.3-144 Customizing captions (AR)

(/usr/share/texlive/texmf-dist/tex/latex/caption/caption3.sty
Package: caption3 2016/02/04 v1.7-139 caption3 kernel (AR)
Package caption3 Info: TeX engine: e-TeX on input line 67.
\captionmargin=\dimen149
\captionmargin@=\dimen150
\captionwidth=\dimen151
\caption@tempdima=\dimen152
\caption@indent=\dimen153
\caption@parindent=\dimen154
\caption@hangindent=\dimen155
)
\c@ContinuedFloat=\count142
)
(/usr/share/texlive/texmf-dist/tex/latex/caption/subcaption.sty
Package: subcaption 2016/02/20 v1.1-142 Sub-captions (AR)
\c@subfigure=\count143
\c@subtable=\count144
)
(/usr/share/texlive/texmf-dist/tex/latex/adjustbox/adjustbox.sty
Package: adjustbox 2012/05/21 v1.0 Adjusting TeX boxes (trim, clip, ...)

(/usr/share/texlive/texmf-dist/tex/latex/xkeyval/xkeyval.sty
Package: xkeyval 2014/12/03 v2.7a package option processing (HA)

(/usr/share/texlive/texmf-dist/tex/generic/xkeyval/xkeyval.tex
(/usr/share/texlive/texmf-dist/tex/generic/xkeyval/xkvutils.tex
\XKV@toks=\toks33
\XKV@tempa@toks=\toks34
)
\XKV@depth=\count145
File: xkeyval.tex 2014/12/03 v2.7a key=value parser (HA)
))
(/usr/share/texlive/texmf-dist/tex/latex/adjustbox/adjcalc.sty
Package: adjcalc 2012/05/16 v1.1 Provides advanced setlength with multiple back
-ends (calc, etex, pgfmath)
)
(/usr/share/texlive/texmf-dist/tex/latex/adjustbox/trimclip.sty
Package: trimclip 2012/05/16 v1.0 Trim and clip general TeX material

(/usr/share/texlive/texmf-dist/tex/latex/graphics/graphicx.sty
Package: graphicx 2014/10/28 v1.0g Enhanced LaTeX Graphics (DPC,SPQR)

(/usr/share/texlive/texmf-dist/tex/latex/graphics/graphics.sty
Package: graphics 2016/01/03 v1.0q Standard LaTeX Graphics (DPC,SPQR)

(/usr/share/texlive/texmf-dist/tex/latex/graphics/trig.sty
Package: trig 2016/01/03 v1.10 sin cos tan (DPC)
)
(/usr/share/texlive/texmf-dist/tex/latex/latexconfig/graphics.cfg
File: graphics.cfg 2010/04/23 v1.9 graphics configuration of TeX Live
)
Package graphics Info: Driver file: pdftex.def on input line 95.

(/usr/share/texlive/texmf-dist/tex/latex/pdftex-def/pdftex.def
File: pdftex.def 2011/05/27 v0.06d Graphics/color for pdfTeX

(/usr/share/texlive/texmf-dist/tex/generic/oberdiek/infwarerr.sty
Package: infwarerr 2010/04/08 v1.3 Providing info/warning/error messages (HO)
)
(/usr/share/texlive/texmf-dist/tex/generic/oberdiek/ltxcmds.sty
Package: ltxcmds 2011/11/09 v1.22 LaTeX kernel commands for general use (HO)
)
\Gread@gobject=\count146
))
\Gin@req@height=\dimen156
\Gin@req@width=\dimen157
)
(/usr/share/texlive/texmf-dist/tex/latex/collectbox/collectbox.sty
Package: collectbox 2012/05/17 v0.4b Collect macro arguments as boxes
\collectedbox=\box44
)
\tc@llx=\dimen158
\tc@lly=\dimen159
\tc@urx=\dimen160
\tc@ury=\dimen161
Package trimclip Info: Using driver 'tc-pdftex.def'.

(/usr/share/texlive/texmf-dist/tex/latex/adjustbox/tc-pdftex.def
File: tc-pdftex.def 2012/05/13 v1.0 Clipping driver for pdftex
))
\adjbox@Width=\dimen162
\adjbox@Height=\dimen163
\adjbox@Depth=\dimen164
\adjbox@Totalheight=\dimen165

(/usr/share/texlive/texmf-dist/tex/latex/ifoddpage/ifoddpage.sty
Package: ifoddpage 2011/09/13 v1.0 Conditionals for odd/even page detection
\c@checkoddpage=\count147
)
(/usr/share/texlive/texmf-dist/tex/latex/varwidth/varwidth.sty
Package: varwidth 2009/03/30 ver 0.92;  Variable-width minipages
\@vwid@box=\box45
\sift@deathcycles=\count148
\@vwid@loff=\dimen166
\@vwid@roff=\dimen167
))
(/usr/share/texlive/texmf-dist/tex/latex/fancyhdr/fancyhdr.sty
\fancy@headwidth=\skip57
\f@ncyO@elh=\skip58
\f@ncyO@erh=\skip59
\f@ncyO@olh=\skip60
\f@ncyO@orh=\skip61
\f@ncyO@elf=\skip62
\f@ncyO@erf=\skip63
\f@ncyO@olf=\skip64
\f@ncyO@orf=\skip65
)
(/usr/share/texlive/texmf-dist/tex/latex/lastpage/lastpage.sty
Package: lastpage 2015/03/29 v1.2m Refers to last page's name (HMM; JPG)
)
(/usr/share/texlive/texmf-dist/tex/latex/tools/calc.sty
Package: calc 2014/10/28 v4.3 Infix arithmetic (KKT,FJ)
\calc@Acount=\count149
\calc@Bcount=\count150
\calc@Adimen=\dimen168
\calc@Bdimen=\dimen169
\calc@Askip=\skip66
\calc@Bskip=\skip67
LaTeX Info: Redefining \setlength on input line 80.
LaTeX Info: Redefining \addtolength on input line 81.
\calc@Ccount=\count151
\calc@Cskip=\skip68
)
(/usr/share/texlive/texmf-dist/tex/latex/fancyhdr/extramarks.sty
\@temptokenb=\toks35
)
(/usr/share/texlive/texmf-dist/tex/latex/geometry/geometry.sty
Package: geometry 2010/09/12 v5.6 Page Geometry

(/usr/share/texlive/texmf-dist/tex/generic/oberdiek/ifpdf.sty
Package: ifpdf 2011/01/30 v2.3 Provides the ifpdf switch (HO)
Package ifpdf Info: pdfTeX in PDF mode is detected.
)
(/usr/share/texlive/texmf-dist/tex/generic/oberdiek/ifvtex.sty
Package: ifvtex 2010/03/01 v1.5 Detect VTeX and its facilities (HO)
Package ifvtex Info: VTeX not detected.
)
(/usr/share/texlive/texmf-dist/tex/generic/ifxetex/ifxetex.sty
Package: ifxetex 2010/09/12 v0.6 Provides ifxetex conditional
)
\Gm@cnth=\count152
\Gm@cntv=\count153
\c@Gm@tempcnt=\count154
\Gm@bindingoffset=\dimen170
\Gm@wd@mp=\dimen171
\Gm@odd@mp=\dimen172
\Gm@even@mp=\dimen173
\Gm@layoutwidth=\dimen174
\Gm@layoutheight=\dimen175
\Gm@layouthoffset=\dimen176
\Gm@layoutvoffset=\dimen177
\Gm@dimlist=\toks36
)
(/usr/share/texlive/texmf-dist/tex/latex/bbm-macros/bbm.sty
Package: bbm 1999/03/15 V 1.2 provides fonts for set symbols - TH
LaTeX Font Info:    Overwriting math alphabet `\mathbbm' in version `bold'
(Font)                  U/bbm/m/n --> U/bbm/bx/n on input line 33.
LaTeX Font Info:    Overwriting math alphabet `\mathbbmss' in version `bold'
(Font)                  U/bbmss/m/n --> U/bbmss/bx/n on input line 35.
)
(/usr/share/texlive/texmf-dist/tex/latex/parskip/parskip.sty
Package: parskip 2001/04/09 non-zero parskip adjustments
)
(/usr/share/texlive/texmf-dist/tex/latex/fncychap/fncychap.sty
Package: fncychap 2007/07/30 v1.34 LaTeX package (Revised chapters)
\RW=\skip69
\mylen=\skip70
\myhi=\skip71
\px=\skip72
\py=\skip73
\pyy=\skip74
\pxx=\skip75
)
(/usr/share/texlive/texmf-dist/tex/latex/float/float.sty
Package: float 2001/11/08 v1.3d Float enhancements (AL)
\c@float@type=\count155
\float@exts=\toks37
\float@box=\box46
\@float@everytoks=\toks38
\@floatcapt=\box47
)
\c@dummy=\count156

(/usr/share/texlive/texmf-dist/tex/latex/hyperref/hyperref.sty
Package: hyperref 2012/11/06 v6.83m Hypertext links for LaTeX

(/usr/share/texlive/texmf-dist/tex/generic/oberdiek/hobsub-hyperref.sty
Package: hobsub-hyperref 2012/05/28 v1.13 Bundle oberdiek, subset hyperref (HO)


(/usr/share/texlive/texmf-dist/tex/generic/oberdiek/hobsub-generic.sty
Package: hobsub-generic 2012/05/28 v1.13 Bundle oberdiek, subset generic (HO)
Package: hobsub 2012/05/28 v1.13 Construct package bundles (HO)
Package hobsub Info: Skipping package `infwarerr' (already loaded).
Package hobsub Info: Skipping package `ltxcmds' (already loaded).
Package: ifluatex 2010/03/01 v1.3 Provides the ifluatex switch (HO)
Package ifluatex Info: LuaTeX not detected.
Package hobsub Info: Skipping package `ifvtex' (already loaded).
Package: intcalc 2007/09/27 v1.1 Expandable calculations with integers (HO)
Package hobsub Info: Skipping package `ifpdf' (already loaded).
Package: etexcmds 2011/02/16 v1.5 Avoid name clashes with e-TeX commands (HO)
Package etexcmds Info: Could not find \expanded.
(etexcmds)             That can mean that you are not using pdfTeX 1.50 or
(etexcmds)             that some package has redefined \expanded.
(etexcmds)             In the latter case, load this package earlier.
Package: kvsetkeys 2012/04/25 v1.16 Key value parser (HO)
Package: kvdefinekeys 2011/04/07 v1.3 Define keys (HO)
Package: pdftexcmds 2011/11/29 v0.20 Utility functions of pdfTeX for LuaTeX (HO
)
Package pdftexcmds Info: LuaTeX not detected.
Package pdftexcmds Info: \pdf@primitive is available.
Package pdftexcmds Info: \pdf@ifprimitive is available.
Package pdftexcmds Info: \pdfdraftmode found.
Package: pdfescape 2011/11/25 v1.13 Implements pdfTeX's escape features (HO)
Package: bigintcalc 2012/04/08 v1.3 Expandable calculations on big integers (HO
)
Package: bitset 2011/01/30 v1.1 Handle bit-vector datatype (HO)
Package: uniquecounter 2011/01/30 v1.2 Provide unlimited unique counter (HO)
)
Package hobsub Info: Skipping package `hobsub' (already loaded).
Package: letltxmacro 2010/09/02 v1.4 Let assignment for LaTeX macros (HO)
Package: hopatch 2012/05/28 v1.2 Wrapper for package hooks (HO)
Package: xcolor-patch 2011/01/30 xcolor patch
Package: atveryend 2011/06/30 v1.8 Hooks at the very end of document (HO)
Package: atbegshi 2011/10/05 v1.16 At begin shipout hook (HO)
Package: refcount 2011/10/16 v3.4 Data extraction from label references (HO)
Package: hycolor 2011/01/30 v1.7 Color options for hyperref/bookmark (HO)
)
(/usr/share/texlive/texmf-dist/tex/latex/oberdiek/auxhook.sty
Package: auxhook 2011/03/04 v1.3 Hooks for auxiliary files (HO)
)
(/usr/share/texlive/texmf-dist/tex/latex/oberdiek/kvoptions.sty
Package: kvoptions 2011/06/30 v3.11 Key value format for package options (HO)
)
\@linkdim=\dimen178
\Hy@linkcounter=\count157
\Hy@pagecounter=\count158

(/usr/share/texlive/texmf-dist/tex/latex/hyperref/pd1enc.def
File: pd1enc.def 2012/11/06 v6.83m Hyperref: PDFDocEncoding definition (HO)
Now handling font encoding PD1 ...
... no UTF-8 mapping file for font encoding PD1
)
\Hy@SavedSpaceFactor=\count159

(/usr/share/texlive/texmf-dist/tex/latex/latexconfig/hyperref.cfg
File: hyperref.cfg 2002/06/06 v1.2 hyperref configuration of TeXLive
)
Package hyperref Info: Option `pdfpagelabels' set `true' on input line 4319.
Package hyperref Info: Option `bookmarks' set `true' on input line 4319.
Package hyperref Info: Option `hyperindex' set `true' on input line 4319.
Package hyperref Info: Option `hyperfigures' set `true' on input line 4319.
Package hyperref Info: Option `bookmarksopen' set `true' on input line 4319.
Package hyperref Info: Hyper figures ON on input line 4441.
Package hyperref Info: Link nesting OFF on input line 4448.
Package hyperref Info: Hyper index ON on input line 4451.
Package hyperref Info: Plain pages OFF on input line 4458.
Package hyperref Info: Backreferencing OFF on input line 4463.
Package hyperref Info: Implicit mode ON; LaTeX internals redefined.
Package hyperref Info: Bookmarks ON on input line 4688.
\c@Hy@tempcnt=\count160

(/usr/share/texlive/texmf-dist/tex/latex/url/url.sty
\Urlmuskip=\muskip17
Package: url 2013/09/16  ver 3.4  Verb mode for urls, etc.
)
LaTeX Info: Redefining \url on input line 5041.
\XeTeXLinkMargin=\dimen179
\Fld@menulength=\count161
\Field@Width=\dimen180
\Fld@charsize=\dimen181
Package hyperref Info: Hyper figures ON on input line 6293.
Package hyperref Info: Link nesting OFF on input line 6300.
Package hyperref Info: Hyper index ON on input line 6303.
Package hyperref Info: backreferencing OFF on input line 6310.
Package hyperref Info: Link coloring OFF on input line 6315.
Package hyperref Info: Link coloring with OCG OFF on input line 6320.
Package hyperref Info: PDF/A mode OFF on input line 6325.
LaTeX Info: Redefining \ref on input line 6365.
LaTeX Info: Redefining \pageref on input line 6369.
\Hy@abspage=\count162
\c@Item=\count163
\c@Hfootnote=\count164
)

Package hyperref Message: Driver: hpdftex.

(/usr/share/texlive/texmf-dist/tex/latex/hyperref/hpdftex.def
File: hpdftex.def 2012/11/06 v6.83m Hyperref driver for pdfTeX
\Fld@listcount=\count165
\c@bookmark@seq@number=\count166

(/usr/share/texlive/texmf-dist/tex/latex/oberdiek/rerunfilecheck.sty
Package: rerunfilecheck 2011/04/15 v1.7 Rerun checks for auxiliary files (HO)
Package uniquecounter Info: New unique counter `rerunfilecheck' on input line 2
82.
)
\Hy@SectionHShift=\skip76
)
(/usr/share/texlive/texmf-dist/tex/latex/oberdiek/bookmark.sty
Package: bookmark 2011/12/02 v1.24 PDF bookmarks (HO)

(/usr/share/texlive/texmf-dist/tex/latex/oberdiek/bkm-pdftex.def
File: bkm-pdftex.def 2011/12/02 v1.24 bookmark driver for pdfTeX (HO)
\BKM@id=\count167
))
Package hyperref Info: Option `colorlinks' set `true' on input line 263.
Package hyperref Info: Option `linktocpage' set `true' on input line 263.
Package hyperref Info: Option `breaklinks' set `true' on input line 263.
Package hyperref Info: Option `pageanchor' set `true' on input line 263.
Package hyperref Info: Option `plainpages' set `false' on input line 263.
Package hyperref Info: Option `bookmarksnumbered' set `true' on input line 263.

Package hyperref Info: Option `bookmarksopen' set `true' on input line 263.
Package hyperref Info: Option `hypertexnames' set `true' on input line 263.

(/usr/share/texlive/texmf-dist/tex/latex/booktabs/booktabs.sty
Package: booktabs 2005/04/14 v1.61803 publication quality tables
\heavyrulewidth=\dimen182
\lightrulewidth=\dimen183
\cmidrulewidth=\dimen184
\belowrulesep=\dimen185
\belowbottomsep=\dimen186
\aboverulesep=\dimen187
\abovetopsep=\dimen188
\cmidrulesep=\dimen189
\cmidrulekern=\dimen190
\defaultaddspace=\dimen191
\@cmidla=\count168
\@cmidlb=\count169
\@aboverulesep=\dimen192
\@belowrulesep=\dimen193
\@thisruleclass=\count170
\@lastruleclass=\count171
\@thisrulewidth=\dimen194
)
(/usr/share/texlive/texmf-dist/tex/latex/graphics/color.sty
Package: color 2016/01/03 v1.1b Standard LaTeX Color (DPC)

(/usr/share/texlive/texmf-dist/tex/latex/latexconfig/color.cfg
File: color.cfg 2007/01/18 v1.5 color configuration of teTeX/TeXLive
)
Package color Info: Driver file: pdftex.def on input line 143.
)
(/usr/share/texlive/texmf-dist/tex/latex/xcolor/xcolor.sty
Package: xcolor 2007/01/21 v2.11 LaTeX color extensions (UK)

(/usr/share/texlive/texmf-dist/tex/latex/latexconfig/color.cfg
File: color.cfg 2007/01/18 v1.5 color configuration of teTeX/TeXLive
)
Package xcolor Info: Driver file: pdftex.def on input line 225.
LaTeX Info: Redefining \color on input line 702.
Package xcolor Info: Model `cmy' substituted by `cmy0' on input line 1337.
Package xcolor Info: Model `hsb' substituted by `rgb' on input line 1341.
Package xcolor Info: Model `RGB' extended on input line 1353.
Package xcolor Info: Model `HTML' substituted by `rgb' on input line 1355.
Package xcolor Info: Model `Hsb' substituted by `hsb' on input line 1356.
Package xcolor Info: Model `tHsb' substituted by `hsb' on input line 1357.
Package xcolor Info: Model `HSB' substituted by `hsb' on input line 1358.
Package xcolor Info: Model `Gray' substituted by `gray' on input line 1359.
Package xcolor Info: Model `wave' substituted by `hsb' on input line 1360.

(/usr/share/texlive/texmf-dist/tex/latex/graphics/dvipsnam.def
File: dvipsnam.def 2015/12/30 v3.0k Driver-dependent file (DPC,SPQR)
))
(/usr/share/texlive/texmf-dist/tex/latex/minted/minted.sty
Package: minted 2015/09/09 v2.1 Yet another Pygments shim for LaTeX

(/usr/share/texlive/texmf-dist/tex/latex/fancyvrb/fancyvrb.sty
Package: fancyvrb 2008/02/07

Style option: `fancyvrb' v2.7a, with DG/SPQR fixes, and firstline=lastline fix 
<2008/02/07> (tvz)
\FV@CodeLineNo=\count172
\FV@InFile=\read1
\FV@TabBox=\box48
\c@FancyVerbLine=\count173
\FV@StepNumber=\count174
\FV@OutFile=\write5
) (/usr/share/texlive/texmf-dist/tex/latex/base/ifthen.sty
Package: ifthen 2014/09/29 v1.1c Standard LaTeX ifthen package (DPC)
)
(/usr/share/texlive/texmf-dist/tex/latex/ifplatform/ifplatform.sty
Package: ifplatform 2010/10/22 v0.4 Testing for the operating system

(/usr/share/texlive/texmf-dist/tex/generic/oberdiek/catchfile.sty
Package: catchfile 2011/03/01 v1.6 Catch the contents of a file (HO)
)
runsystem(uname -s > "main.w18")...executed.


(/home/jlsuarezdiaz/Documentos/Github/TFG/memory/main.w18)
runsystem(rm -- "main.w18")...executed.

)
(/usr/share/texlive/texmf-dist/tex/latex/lineno/lineno.sty
Package: lineno 2005/11/02 line numbers on paragraphs v4.41
\linenopenalty=\count175
\output=\toks39
\linenoprevgraf=\count176
\linenumbersep=\dimen195
\linenumberwidth=\dimen196
\c@linenumber=\count177
\c@pagewiselinenumber=\count178
\c@LN@truepage=\count179
\c@internallinenumber=\count180
\c@internallinenumbers=\count181
\quotelinenumbersep=\dimen197
\bframerule=\dimen198
\bframesep=\dimen199
\bframebox=\box49
LaTeX Info: Redefining \\ on input line 3056.
)
\minted@appexistsfile=\read2
\FV@BreakIndent=\dimen256
\FV@BreakSymbolSepLeft=\dimen257
\FV@BreakSymbolSepRight=\dimen258
\FV@BreakSymbolIndentLeft=\dimen259
\FV@BreakSymbolIndentRight=\dimen260
\c@FancyVerbLineBreakLast=\count182
\FV@LineBox=\box50
\FV@LineIndentBox=\box51
\minted@bgbox=\box52
\minted@code=\write6
\c@minted@FancyVerbLineTemp=\count183
\@float@every@listing=\toks40
\c@listing=\count184
)
runsystem(mkdir -p "_minted-main")...executed.


(/home/jlsuarezdiaz/Documentos/Github/TFG/memory/_minted-main/default.pygstyle)
(/usr/share/texlive/texmf-dist/tex/latex/cleveref/cleveref.sty
Package: cleveref 2013/12/28 v0.19 Intelligent cross-referencing
Package cleveref Info: `hyperref' support loaded on input line 2230.
LaTeX Info: Redefining \cref on input line 2230.
LaTeX Info: Redefining \Cref on input line 2230.
LaTeX Info: Redefining \crefrange on input line 2230.
LaTeX Info: Redefining \Crefrange on input line 2230.
LaTeX Info: Redefining \cpageref on input line 2230.
LaTeX Info: Redefining \Cpageref on input line 2230.
LaTeX Info: Redefining \cpagerefrange on input line 2230.
LaTeX Info: Redefining \Cpagerefrange on input line 2230.
LaTeX Info: Redefining \labelcref on input line 2230.
LaTeX Info: Redefining \labelcpageref on input line 2230.
Package cleveref Info: `amsthm' support loaded on input line 2858.
)
(/usr/share/texlive/texmf-dist/tex/latex/base/fontenc.sty
Package: fontenc 2005/09/27 v1.99g Standard LaTeX package

(/usr/share/texlive/texmf-dist/tex/latex/base/t1enc.def
File: t1enc.def 2005/09/27 v1.99g Standard LaTeX file
LaTeX Font Info:    Redeclaring font encoding T1 on input line 48.
)))
(/home/jlsuarezdiaz/Documentos/Github/TFG/memory/title-ugr.sty
Package: title-ugr 2018

(/usr/share/texlive/texmf-dist/tex/latex/wallpaper/wallpaper.sty
Package: wallpaper 2005/01/18, v1.01 easy wallpaper formatting (MHFW)

(/usr/share/texlive/texmf-dist/tex/latex/eso-pic/eso-pic.sty
Package: eso-pic 2015/07/21 v2.0g eso-pic (RN)
)
\wpXoffset=\skip77
\wpYoffset=\skip78
\tileXoffset=\skip79
\tileYoffset=\skip80
\tilewidth=\skip81
\tileheight=\skip82
\tileX=\skip83
\tileY=\skip84
))
(/usr/share/texlive/texmf-dist/tex/latex/doclicense/doclicense.sty
Package: doclicense 2015/12/13 v1.4.0 Support for putting documents under a lic
ense

(/usr/share/texlive/texmf-dist/tex/latex/xifthen/xifthen.sty
Package: xifthen 2015/11/05 v1.4.0 Extended ifthen features

(/usr/share/texlive/texmf-dist/tex/latex/ifmtarg/ifmtarg.sty
Package: ifmtarg 2009/09/02 v1.2a check for an empty argument
))
(/usr/share/texlive/texmf-dist/tex/latex/tools/xspace.sty
Package: xspace 2014/10/28 v1.13 Space after command names (DPC,MH)
)
(/usr/share/texlive/texmf-dist/tex/latex/tools/verbatim.sty
Package: verbatim 2014/10/28 v1.5q LaTeX2e package for verbatim enhancements
\every@verbatim=\toks41
\verbatim@line=\toks42
\verbatim@in@stream=\read3
)
\doclicense@hsize=\skip85

(/usr/share/texlive/texmf-dist/tex/latex/doclicense/doclicense-spanish.ldf
File: doclicense-spanish.ldf 
))
(/usr/share/texlive/texmf-dist/tex/latex/biblatex/biblatex.sty
Package: biblatex 2016/03/03 v3.3 programmable bibliographies (PK/JW/AB)

(/usr/share/texlive/texmf-dist/tex/latex/biblatex/biblatex_.sty
Package: biblatex_ 2016/03/03 v3.3 programmable bibliographies (biber) (PK/JW/A
B)

(/usr/share/texlive/texmf-dist/tex/latex/logreq/logreq.sty
Package: logreq 2010/08/04 v1.0 xml request logger
\lrq@indent=\count185

(/usr/share/texlive/texmf-dist/tex/latex/logreq/logreq.def
File: logreq.def 2010/08/04 v1.0 logreq spec v1.0
))
\c@tabx@nest=\count186
\c@listtotal=\count187
\c@listcount=\count188
\c@liststart=\count189
\c@liststop=\count190
\c@citecount=\count191
\c@citetotal=\count192
\c@multicitecount=\count193
\c@multicitetotal=\count194
\c@instcount=\count195
\c@maxnames=\count196
\c@minnames=\count197
\c@maxitems=\count198
\c@minitems=\count199
\c@citecounter=\count266
\c@savedcitecounter=\count267
\c@uniquelist=\count268
\c@uniquename=\count269
\c@refsection=\count270
\c@refsegment=\count271
\c@maxextratitle=\count272
\c@maxextratitleyear=\count273
\c@maxextrayear=\count274
\c@maxextraalpha=\count275
\c@abbrvpenalty=\count276
\c@highnamepenalty=\count277
\c@lownamepenalty=\count278
\c@maxparens=\count279
\c@parenlevel=\count280
\blx@tempcnta=\count281
\blx@tempcntb=\count282
\blx@tempcntc=\count283
\blx@maxsection=\count284
\blx@maxsegment@0=\count285
\blx@notetype=\count286
\blx@parenlevel@text=\count287
\blx@parenlevel@foot=\count288
\blx@sectionciteorder@0=\count289
\labelnumberwidth=\skip86
\labelalphawidth=\skip87
\biblabelsep=\skip88
\bibitemsep=\skip89
\bibnamesep=\skip90
\bibinitsep=\skip91
\bibparsep=\skip92
\bibhang=\skip93
\blx@bcfin=\read4
\blx@bcfout=\write7
\c@mincomprange=\count290
\c@maxcomprange=\count291
\c@mincompwidth=\count292
Package biblatex Info: Trying to load biblatex default data model...
Package biblatex Info: ... file 'blx-dm.def' found.

(/usr/share/texlive/texmf-dist/tex/latex/biblatex/blx-dm.def)
Package biblatex Info: Trying to load biblatex custom data model...
Package biblatex Info: ... file 'biblatex-dm.cfg' not found.
\c@afterword=\count293
\c@savedafterword=\count294
\c@annotator=\count295
\c@savedannotator=\count296
\c@author=\count297
\c@savedauthor=\count298
\c@bookauthor=\count299
\c@savedbookauthor=\count300
\c@commentator=\count301
\c@savedcommentator=\count302
\c@editor=\count303
\c@savededitor=\count304
\c@editora=\count305
\c@savededitora=\count306
\c@editorb=\count307
\c@savededitorb=\count308
\c@editorc=\count309
\c@savededitorc=\count310
\c@foreword=\count311
\c@savedforeword=\count312
\c@holder=\count313
\c@savedholder=\count314
\c@introduction=\count315
\c@savedintroduction=\count316
\c@namea=\count317
\c@savednamea=\count318
\c@nameb=\count319
\c@savednameb=\count320
\c@namec=\count321
\c@savednamec=\count322
\c@translator=\count323
\c@savedtranslator=\count324
\c@shortauthor=\count325
\c@savedshortauthor=\count326
\c@shorteditor=\count327
\c@savedshorteditor=\count328
\c@labelname=\count329
\c@savedlabelname=\count330
\c@institution=\count331
\c@savedinstitution=\count332
\c@lista=\count333
\c@savedlista=\count334
\c@listb=\count335
\c@savedlistb=\count336
\c@listc=\count337
\c@savedlistc=\count338
\c@listd=\count339
\c@savedlistd=\count340
\c@liste=\count341
\c@savedliste=\count342
\c@listf=\count343
\c@savedlistf=\count344
\c@location=\count345
\c@savedlocation=\count346
\c@organization=\count347
\c@savedorganization=\count348
\c@origlocation=\count349
\c@savedoriglocation=\count350
\c@origpublisher=\count351
\c@savedorigpublisher=\count352
\c@publisher=\count353
\c@savedpublisher=\count354
\c@language=\count355
\c@savedlanguage=\count356
\c@pageref=\count357
\c@savedpageref=\count358
\shorthandwidth=\skip94
\shortjournalwidth=\skip95
\shortserieswidth=\skip96
\shorttitlewidth=\skip97
\shortauthorwidth=\skip98
\shorteditorwidth=\skip99
Package biblatex Info: Trying to load compatibility code...
Package biblatex Info: ... file 'blx-compat.def' found.

(/usr/share/texlive/texmf-dist/tex/latex/biblatex/blx-compat.def
File: blx-compat.def 2016/03/03 v3.3 biblatex compatibility (PK/JW/AB)
)
Package biblatex Info: Trying to load generic definitions...
Package biblatex Info: ... file 'biblatex_.def' found.

(/usr/share/texlive/texmf-dist/tex/latex/biblatex/biblatex_.def
File: biblatex_.def 
\c@textcitecount=\count359
\c@textcitetotal=\count360
\c@textcitemaxnames=\count361
\c@biburlnumpenalty=\count362
\c@biburlucpenalty=\count363
\c@biburllcpenalty=\count364
\c@smartand=\count365
)
Package biblatex Info: Trying to load bibliography style 'numeric'...
Package biblatex Info: ... file 'numeric.bbx' found.

(/usr/share/texlive/texmf-dist/tex/latex/biblatex/bbx/numeric.bbx
File: numeric.bbx 2016/03/03 v3.3 biblatex bibliography style (PK/JW/AB)
Package biblatex Info: Trying to load bibliography style 'standard'...
Package biblatex Info: ... file 'standard.bbx' found.

(/usr/share/texlive/texmf-dist/tex/latex/biblatex/bbx/standard.bbx
File: standard.bbx 2016/03/03 v3.3 biblatex bibliography style (PK/JW/AB)
\c@bbx:relatedcount=\count366
\c@bbx:relatedtotal=\count367
))
Package biblatex Info: Trying to load citation style 'numeric'...
Package biblatex Info: ... file 'numeric.cbx' found.

(/usr/share/texlive/texmf-dist/tex/latex/biblatex/cbx/numeric.cbx
File: numeric.cbx 2016/03/03 v3.3 biblatex citation style (PK/JW/AB)
Package biblatex Info: Redefining '\cite'.
Package biblatex Info: Redefining '\parencite'.
Package biblatex Info: Redefining '\footcite'.
Package biblatex Info: Redefining '\footcitetext'.
Package biblatex Info: Redefining '\smartcite'.
Package biblatex Info: Redefining '\supercite'.
Package biblatex Info: Redefining '\textcite'.
Package biblatex Info: Redefining '\textcites'.
Package biblatex Info: Redefining '\cites'.
Package biblatex Info: Redefining '\parencites'.
Package biblatex Info: Redefining '\smartcites'.
)
Package biblatex Info: Trying to load configuration file...
Package biblatex Info: ... file 'biblatex.cfg' found.

(/usr/share/texlive/texmf-dist/tex/latex/biblatex/biblatex.cfg
File: biblatex.cfg 
)))
(/usr/share/texlive/texmf-dist/tex/latex/tocloft/tocloft.sty
Package: tocloft 2013/05/02 v2.3f parameterised ToC, etc., typesetting
Package tocloft Info: The document has chapter divisions on input line 44.
\cftparskip=\skip100
\cftbeforetoctitleskip=\skip101
\cftaftertoctitleskip=\skip102
\cftbeforepartskip=\skip103
\cftpartnumwidth=\skip104
\cftpartindent=\skip105
\cftbeforechapskip=\skip106
\cftchapindent=\skip107
\cftchapnumwidth=\skip108
\cftbeforesecskip=\skip109
\cftsecindent=\skip110
\cftsecnumwidth=\skip111
\cftbeforesubsecskip=\skip112
\cftsubsecindent=\skip113
\cftsubsecnumwidth=\skip114
\cftbeforesubsubsecskip=\skip115
\cftsubsubsecindent=\skip116
\cftsubsubsecnumwidth=\skip117
\cftbeforeparaskip=\skip118
\cftparaindent=\skip119
\cftparanumwidth=\skip120
\cftbeforesubparaskip=\skip121
\cftsubparaindent=\skip122
\cftsubparanumwidth=\skip123
\cftbeforeloftitleskip=\skip124
\cftafterloftitleskip=\skip125
\cftbeforefigskip=\skip126
\cftfigindent=\skip127
\cftfignumwidth=\skip128
\c@lofdepth=\count368
\c@lotdepth=\count369
\cftbeforelottitleskip=\skip129
\cftafterlottitleskip=\skip130
\cftbeforetabskip=\skip131
\cfttabindent=\skip132
\cfttabnumwidth=\skip133
)
runsystem(which "pygmentize" && touch "main.aex")...executed.

runsystem(rm "main.aex")...executed.


(/usr/share/texlive/texmf-dist/tex/latex/csquotes/csquotes.sty
Package: csquotes 2016/01/31 v5.1g context-sensitive quotations (JAW)
\csq@reset=\count370
\csq@gtype=\count371
\csq@glevel=\count372
\csq@qlevel=\count373
\csq@maxlvl=\count374
\csq@tshold=\count375
\csq@ltx@everypar=\toks43

(/usr/share/texlive/texmf-dist/tex/latex/csquotes/csquotes.def
File: csquotes.def 2016/01/31 v5.1g csquotes generic definitions (JAW)
)
Package csquotes Info: Trying to load configuration file 'csquotes.cfg'...
Package csquotes Info: ... configuration file loaded successfully.

(/usr/share/texlive/texmf-dist/tex/latex/csquotes/csquotes.cfg
File: csquotes.cfg 
))
(/usr/share/texlive/texmf-dist/tex/latex/ccicons/ccicons.sty
Package: ccicons 2013/04/16 v1.5 LaTeX support for Creative Commons icons
)
Package biblatex Info: Trying to load language 'spanish'...
Package biblatex Info: ... file 'spanish.lbx' found.

(/usr/share/texlive/texmf-dist/tex/latex/biblatex/lbx/spanish.lbx
File: spanish.lbx 2016/03/03 v3.3 biblatex localization (PK/JW/AB)
)
(/home/jlsuarezdiaz/Documentos/Github/TFG/memory/main.aux
LaTeX Info: Redefining \. on input line 23.
LaTeX Info: Redefining \% on input line 23.
LaTeX Info: Redefining \. on input line 31.
LaTeX Info: Redefining \% on input line 31.
)
\openout1 = `main.aux'.

LaTeX Font Info:    Checking defaults for OML/cmm/m/it on input line 104.
LaTeX Font Info:    ... okay on input line 104.
LaTeX Font Info:    Checking defaults for T1/cmr/m/n on input line 104.
LaTeX Font Info:    ... okay on input line 104.
LaTeX Font Info:    Checking defaults for OT1/cmr/m/n on input line 104.
LaTeX Font Info:    ... okay on input line 104.
LaTeX Font Info:    Checking defaults for OMS/cmsy/m/n on input line 104.
LaTeX Font Info:    ... okay on input line 104.
LaTeX Font Info:    Checking defaults for OMX/cmex/m/n on input line 104.
LaTeX Font Info:    ... okay on input line 104.
LaTeX Font Info:    Checking defaults for U/cmr/m/n on input line 104.
LaTeX Font Info:    ... okay on input line 104.
LaTeX Font Info:    Checking defaults for PD1/pdf/m/n on input line 104.
LaTeX Font Info:    ... okay on input line 104.
LaTeX Info: Redefining \. on input line 104.
LaTeX Info: Redefining \% on input line 104.
LaTeX Info: Redefining \microtypecontext on input line 104.
Package microtype Info: Generating PDF output.
Package microtype Info: Character protrusion enabled (level 2).
Package microtype Info: Using default protrusion set `alltext'.
Package microtype Info: Automatic font expansion enabled (level 2),
(microtype)             stretch: 20, shrink: 20, step: 1, non-selected.
Package microtype Info: Using default expansion set `basictext'.
Package microtype Info: No adjustment of tracking.
Package microtype Info: No adjustment of interword spacing.
Package microtype Info: No adjustment of character kerning.

(/usr/share/texlive/texmf-dist/tex/latex/microtype/mt-cmr.cfg
File: mt-cmr.cfg 2013/05/19 v2.2 microtype config. file: Computer Modern Roman 
(RS)
)
Package caption Info: Begin \AtBeginDocument code.
Package caption Info: float package is loaded.
Package caption Info: hyperref package is loaded.
Package caption Info: End \AtBeginDocument code.

(/usr/share/texlive/texmf-dist/tex/context/base/supp-pdf.mkii
[Loading MPS to PDF converter (version 2006.09.02).]
\scratchcounter=\count376
\scratchdimen=\dimen261
\scratchbox=\box53
\nofMPsegments=\count377
\nofMParguments=\count378
\everyMPshowfont=\toks44
\MPscratchCnt=\count379
\MPscratchDim=\dimen262
\MPnumerator=\count380
\makeMPintoPDFobject=\count381
\everyMPtoPDFconversion=\toks45
) (/usr/share/texlive/texmf-dist/tex/latex/oberdiek/epstopdf-base.sty
Package: epstopdf-base 2010/02/09 v2.5 Base part for package epstopdf

(/usr/share/texlive/texmf-dist/tex/latex/oberdiek/grfext.sty
Package: grfext 2010/08/19 v1.1 Manage graphics extensions (HO)
)
Package grfext Info: Graphics extension search list:
(grfext)             [.png,.pdf,.jpg,.mps,.jpeg,.jbig2,.jb2,.PNG,.PDF,.JPG,.JPE
G,.JBIG2,.JB2,.eps]
(grfext)             \AppendGraphicsExtensions on input line 452.

(/usr/share/texlive/texmf-dist/tex/latex/latexconfig/epstopdf-sys.cfg
File: epstopdf-sys.cfg 2010/07/13 v1.3 Configuration of (r)epstopdf for TeX Liv
e
))
Package lastpage Info: Please have a look at the pageslts package at
(lastpage)             https://www.ctan.org/pkg/pageslts
(lastpage)             ! on input line 104.

*geometry* driver: auto-detecting
*geometry* detected driver: pdftex
*geometry* verbose mode - [ preamble ] result:
* driver: pdftex
* paper: <default>
* layout: <same size as paper>
* layoutoffset:(h,v)=(0.0pt,0.0pt)
* modes: twoside 
* h-part:(L,W,R)=(85.35826pt, 443.57848pt, 85.35826pt)
* v-part:(T,H,B)=(71.13188pt, 652.70622pt, 71.13188pt)
* \paperwidth=614.295pt
* \paperheight=794.96999pt
* \textwidth=443.57848pt
* \textheight=652.70622pt
* \oddsidemargin=13.08827pt
* \evensidemargin=13.08827pt
* \topmargin=-38.12675pt
* \headheight=28.45274pt
* \headsep=8.5359pt
* \topskip=10.0pt
* \footskip=25.29494pt
* \marginparwidth=125.0pt
* \marginparsep=7.0pt
* \columnsep=10.0pt
* \skip\footins=9.0pt plus 4.0pt minus 2.0pt
* \hoffset=0.0pt
* \voffset=0.0pt
* \mag=1000
* \@twocolumnfalse
* \@twosidetrue
* \@mparswitchtrue
* \@reversemarginfalse
* (1in=72.27pt=25.4mm, 1cm=28.453pt)

\AtBeginShipoutBox=\box54
Package hyperref Info: Link coloring ON on input line 104.
(/usr/share/texlive/texmf-dist/tex/latex/hyperref/nameref.sty
Package: nameref 2012/10/27 v2.43 Cross-referencing by name of section

(/usr/share/texlive/texmf-dist/tex/generic/oberdiek/gettitlestring.sty
Package: gettitlestring 2010/12/03 v1.4 Cleanup title references (HO)
)
\c@section@level=\count382
)
LaTeX Info: Redefining \ref on input line 104.
LaTeX Info: Redefining \pageref on input line 104.
LaTeX Info: Redefining \nameref on input line 104.

(/home/jlsuarezdiaz/Documentos/Github/TFG/memory/_minted-main/default-pyg-prefi
x.pygstyle)
Package biblatex Info: Input encoding 'utf8' detected.
Package biblatex Info: Automatic encoding selection.
(biblatex)             Assuming data encoding 'utf8'.
\openout7 = `main.bcf'.

Package biblatex Info: Trying to load bibliographic data...
Package biblatex Info: ... file 'main.bbl' found.
 (/home/jlsuarezdiaz/Documentos/Github/TFG/memory/main.bbl)
Package biblatex Info: Reference section=0 on input line 104.
Package biblatex Info: Reference segment=0 on input line 104.
Package hyperref Info: Option `pageanchor' set `false' on input line 108.

<./images/logo-horizontal.png, id=4, 647.2983pt x 180.1932pt>
File: ./images/logo-horizontal.png Graphic file (type png)

<use ./images/logo-horizontal.png>
Package pdftex.def Info: ./images/logo-horizontal.png used on input line 109.
(pdftex.def)             Requested size: 354.86412pt x 98.78761pt.

<./images/background_blue.png, id=6, 853.1875pt x 747.79375pt>
File: ./images/background_blue.png Graphic file (type png)

<use ./images/background_blue.png>
Package pdftex.def Info: ./images/background_blue.png used on input line 109.
(pdftex.def)             Requested size: 614.3336pt x 538.44531pt.
 [1



{/var/lib/texmf/fonts/map/pdftex/updmap/pdftex.map} <./images/background_blue.p
ng> <./images/logo-horizontal.png>]
Package hyperref Info: Option `pageanchor' set `true' on input line 110.

(/home/jlsuarezdiaz/Documentos/Github/TFG/memory/chapters/resumen.tex) [2

]
(/home/jlsuarezdiaz/Documentos/Github/TFG/memory/chapters/abstract.tex)
[3

]
(/home/jlsuarezdiaz/Documentos/Github/TFG/memory/chapters/acknowledgements.tex)
[4

] (/home/jlsuarezdiaz/Documentos/Github/TFG/memory/main.toc
LaTeX Info: Redefining \. on input line 1.
LaTeX Info: Redefining \% on input line 1.
LaTeX Info: Redefining \. on input line 4.
LaTeX Info: Redefining \% on input line 4.
LaTeX Font Info:    Try loading font information for U+msa on input line 6.

(/usr/share/texlive/texmf-dist/tex/latex/amsfonts/umsa.fd
File: umsa.fd 2013/01/14 v3.01 AMS symbols A
)
(/usr/share/texlive/texmf-dist/tex/latex/microtype/mt-msa.cfg
File: mt-msa.cfg 2006/02/04 v1.1 microtype config. file: AMS symbols (a) (RS)
)
LaTeX Font Info:    Try loading font information for U+msb on input line 6.

(/usr/share/texlive/texmf-dist/tex/latex/amsfonts/umsb.fd
File: umsb.fd 2013/01/14 v3.01 AMS symbols B
)
(/usr/share/texlive/texmf-dist/tex/latex/microtype/mt-msb.cfg
File: mt-msb.cfg 2005/06/01 v1.0 microtype config. file: AMS symbols (b) (RS)
) [5])
\tf@toc=\write8
\openout8 = `main.toc'.

 [6]
[1


] (/home/jlsuarezdiaz/Documentos/Github/TFG/memory/chapters/introduction.tex
Cap\IeC {\'\i }tulo 1.
LaTeX Font Info:    Try loading font information for OT1+ptm on input line 1.
(/usr/share/texlive/texmf-dist/tex/latex/psnfss/ot1ptm.fd
File: ot1ptm.fd 2001/06/04 font definitions for OT1/ptm.
)
(/usr/share/texlive/texmf-dist/tex/latex/microtype/mt-ptm.cfg
File: mt-ptm.cfg 2006/04/20 v1.7 microtype config. file: Times (RS)
)
Overfull \hbox (30.0pt too wide) in paragraph at lines 1--1
[][]  
 []

[2

] [3] [4]) [5] [6

]
(/home/jlsuarezdiaz/Documentos/Github/TFG/memory/chapters/convex_analysis.tex
Cap\IeC {\'\i }tulo 2.

Overfull \hbox (30.0pt too wide) in paragraph at lines 1--1
[][]  
 []

[7

] [8] [9] [10]
Overfull \hbox (4.02078pt too wide) detected at line 168
\OML/cmm/m/it/10 f\OT1/cmr/m/n/10 (\OML/cmm/m/it/10 t\OT1/cmr/m/n/10 ) = \OMS/c
msy/m/n/10 k\OML/cmm/m/it/10 y[] \OMS/cmsy/m/n/10 ^^@ \OML/cmm/m/it/10 x\OMS/cm
sy/m/n/10 k[] \OT1/cmr/m/n/10 = \OMS/cmsy/m/n/10 k\OML/cmm/m/it/10 P[]\OT1/cmr/
m/n/10 (\OML/cmm/m/it/10 x\OT1/cmr/m/n/10 ) \OMS/cmsy/m/n/10 ^^@ \OML/cmm/m/it/
10 x \OT1/cmr/m/n/10 + \OML/cmm/m/it/10 t\OT1/cmr/m/n/10 (\OML/cmm/m/it/10 y \O
MS/cmsy/m/n/10 ^^@ \OML/cmm/m/it/10 P[]\OT1/cmr/m/n/10 (\OML/cmm/m/it/10 x\OT1/
cmr/m/n/10 ))\OMS/cmsy/m/n/10 k[] \OT1/cmr/m/n/10 = \OMS/cmsy/m/n/10 k\OML/cmm/
m/it/10 p[]\OT1/cmr/m/n/10 (\OML/cmm/m/it/10 x\OT1/cmr/m/n/10 ) \OMS/cmsy/m/n/1
0 ^^@ \OML/cmm/m/it/10 x\OMS/cmsy/m/n/10 k[] \OT1/cmr/m/n/10 + 2\OML/cmm/m/it/1
0 t\OMS/cmsy/m/n/10 h\OML/cmm/m/it/10 P[]\OT1/cmr/m/n/10 (\OML/cmm/m/it/10 x\OT
1/cmr/m/n/10 ) \OMS/cmsy/m/n/10 ^^@ \OML/cmm/m/it/10 x; y \OMS/cmsy/m/n/10 ^^@ 
\OML/cmm/m/it/10 P[]\OT1/cmr/m/n/10 (\OML/cmm/m/it/10 x\OT1/cmr/m/n/10 )\OMS/cm
sy/m/n/10 i \OT1/cmr/m/n/10 + \OML/cmm/m/it/10 t[]\OMS/cmsy/m/n/10 k\OML/cmm/m/
it/10 y \OMS/cmsy/m/n/10 ^^@ \OML/cmm/m/it/10 P[]\OT1/cmr/m/n/10 (\OML/cmm/m/it
/10 x\OT1/cmr/m/n/10 )\OMS/cmsy/m/n/10 k[]\OML/cmm/m/it/10 :
 []

[11] [12] [13] [14] [15] [16] [17] [18] [19]
<./images/gradient.png, id=470, 1192.455pt x 842.14626pt>
File: ./images/gradient.png Graphic file (type png)

<use ./images/gradient.png>
Package pdftex.def Info: ./images/gradient.png used on input line 457.
(pdftex.def)             Requested size: 332.68385pt x 234.95123pt.
 [20 <./images/gradient.png>] [21]
<./images/iterated_projections.png, id=498, 1090.0725pt x 538.01pt>
File: ./images/iterated_projections.png Graphic file (type png)

<use ./images/iterated_projections.png>
Package pdftex.def Info: ./images/iterated_projections.png used on input line 5
03.
(pdftex.def)             Requested size: 332.68385pt x 164.19542pt.
 [22 <./images/iterated_projections.png>]) (/home/jlsuarezdiaz/Documentos/Githu
b/TFG/memory/chapters/matrices.tex
[23]
Cap\IeC {\'\i }tulo 3.

Overfull \hbox (30.0pt too wide) in paragraph at lines 1--1
[][]  
 []

[24

] [25]
Overfull \hbox (14.1714pt too wide) in paragraph at lines 51--53
[]\T1/cmr/m/it/10 (-20) Si $\OML/cmm/m/it/10 A \OMS/cmsy/m/n/10 2 \OML/cmm/m/it
/10 S[]\OT1/cmr/m/n/10 (-20) (\U/msb/m/n/10 R\OT1/cmr/m/n/10 (-20) )$\T1/cmr/m/
it/10 (-20) , en-ton-ces, $\OML/cmm/m/it/10 ^^Z\OT1/cmr/m/n/10 (-20) (\OML/cmm/
m/it/10 A\OT1/cmr/m/n/10 (-20) ) \OMS/cmsy/m/n/10 ^^T k\OML/cmm/m/it/10 A\OMS/c
msy/m/n/10 k[] ^^T []\OML/cmm/m/it/10 ^^Z\OT1/cmr/m/n/10 (-20) (\OML/cmm/m/it/1
0 A\OT1/cmr/m/n/10 (-20) )$\T1/cmr/m/it/10 (-20) , don-de $\OML/cmm/m/it/10 ^^Z
\OT1/cmr/m/n/10 (-20) (\OML/cmm/m/it/10 A\OT1/cmr/m/n/10 (-20) ) = []\OMS/cmsy/
m/n/10 fj\OML/cmm/m/it/10 ^^U\OMS/cmsy/m/n/10 j [] [] \OML/cmm/m/it/10 ^^U \OMS
/cmsy/m/n/10 2 \U/msb/m/n/10 R[]\OML/cmm/m/it/10 A\OMS/cmsy/m/n/10 g$
 []

[26] [27]
Overfull \hbox (0.62784pt too wide) in paragraph at lines 139--140
[]\T1/cmr/m/n/10 (-20) Veamos que $[][] \OMS/cmsy/m/n/10 ^^Z M[]\OT1/cmr/m/n/10
 (-20) (\U/msb/m/n/10 R\OT1/cmr/m/n/10 (-20) )[]$\T1/cmr/m/n/10 (-20) . Sea $\O
ML/cmm/m/it/10 M \OMS/cmsy/m/n/10 2 [][]$\T1/cmr/m/n/10 (-20) . En-ton-ces, exi
s-te $\OML/cmm/m/it/10 " > \OT1/cmr/m/n/10 (-20) 0$ \T1/cmr/m/n/10 (-20) tal qu
e $\OML/cmm/m/it/10 B\OT1/cmr/m/n/10 (-20) (\OML/cmm/m/it/10 M; \OT1/cmr/m/n/10
 (-20) 2\OML/cmm/m/it/10 "[]\OT1/cmr/m/n/10 (-20) ) \OMS/cmsy/m/n/10 ^^Z
 []


Overfull \hbox (57.52873pt too wide) detected at line 168
\OML/cmm/m/it/10 B \OMS/cmsy/m/n/10 ^^@ \OML/cmm/m/it/10 A \OMS/cmsy/m/n/10 ^^W
 \OT1/cmr/m/n/10 0  =[]\OMS/cmsy/m/n/10 )  \OT1/cmr/m/n/10 (\OML/cmm/m/it/10 Cx
\OT1/cmr/m/n/10 )[](\OML/cmm/m/it/10 B \OMS/cmsy/m/n/10 ^^@ \OML/cmm/m/it/10 A\
OT1/cmr/m/n/10 )(\OML/cmm/m/it/10 Cx\OT1/cmr/m/n/10 ) \OMS/cmsy/m/n/10 ^^U \OT1
/cmr/m/n/10 0 \OMS/cmsy/m/n/10 8\OML/cmm/m/it/10 x \OMS/cmsy/m/n/10 2 \U/msb/m/
n/10 R[]  \OT1/cmr/m/n/10 =[]\OMS/cmsy/m/n/10 )  \OML/cmm/m/it/10 x[]\OT1/cmr/m
/n/10 (\OML/cmm/m/it/10 C[]\OT1/cmr/m/n/10 (\OML/cmm/m/it/10 B \OMS/cmsy/m/n/10
 ^^@ \OML/cmm/m/it/10 A\OT1/cmr/m/n/10 )\OML/cmm/m/it/10 C\OT1/cmr/m/n/10 )\OML
/cmm/m/it/10 x \OMS/cmsy/m/n/10 ^^U \OT1/cmr/m/n/10 0 \OMS/cmsy/m/n/10 8\OML/cm
m/m/it/10 x \OMS/cmsy/m/n/10 2 \U/msb/m/n/10 R[]  \OT1/cmr/m/n/10 =[]\OMS/cmsy/
m/n/10 )  \OML/cmm/m/it/10 C[]\OT1/cmr/m/n/10 (\OML/cmm/m/it/10 B \OMS/cmsy/m/n
/10 ^^@ \OML/cmm/m/it/10 A\OT1/cmr/m/n/10 )\OML/cmm/m/it/10 C \OMS/cmsy/m/n/10 
^^W \OT1/cmr/m/n/10 0\OML/cmm/m/it/10 :
 []

[28] [29] [30]
Overfull \hbox (6.67654pt too wide) detected at line 264
\OMS/cmsy/m/n/10 k\OML/cmm/m/it/10 Ax\OMS/cmsy/m/n/10 k[] \OT1/cmr/m/n/10 = (\O
ML/cmm/m/it/10 Ax\OT1/cmr/m/n/10 )[](\OML/cmm/m/it/10 Ax\OT1/cmr/m/n/10 ) = \OM
L/cmm/m/it/10 x[]A[]Ax \OT1/cmr/m/n/10 = \OML/cmm/m/it/10 x[]\OMS/cmsy/m/n/10 j
\OML/cmm/m/it/10 A\OMS/cmsy/m/n/10 j[]\OML/cmm/m/it/10 x \OT1/cmr/m/n/10 = \OML
/cmm/m/it/10 x[]\OMS/cmsy/m/n/10 j\OML/cmm/m/it/10 A\OMS/cmsy/m/n/10 jj\OML/cmm
/m/it/10 A\OMS/cmsy/m/n/10 j\OML/cmm/m/it/10 x \OT1/cmr/m/n/10 = \OML/cmm/m/it/
10 x[]\OMS/cmsy/m/n/10 j\OML/cmm/m/it/10 A\OMS/cmsy/m/n/10 j[]j\OML/cmm/m/it/10
 A\OMS/cmsy/m/n/10 j\OML/cmm/m/it/10 x \OT1/cmr/m/n/10 = (\OMS/cmsy/m/n/10 j\OM
L/cmm/m/it/10 A\OMS/cmsy/m/n/10 j\OML/cmm/m/it/10 x\OT1/cmr/m/n/10 )[](\OMS/cms
y/m/n/10 j\OML/cmm/m/it/10 A\OMS/cmsy/m/n/10 j\OML/cmm/m/it/10 x\OT1/cmr/m/n/10
 ) = \OMS/cmsy/m/n/10 kj\OML/cmm/m/it/10 A\OMS/cmsy/m/n/10 j\OML/cmm/m/it/10 x\
OMS/cmsy/m/n/10 k[]\OML/cmm/m/it/10 :
 []

[31] [32] [33] [34]
Overfull \hbox (12.5307pt too wide) in paragraph at lines 415--415
[]\T1/cmr/bx/n/14.4 Cociente de Ray-leigh. Op-ti-mi-za-cin con vec-to-res pro-
pios. 
 []

[35] [36] [37] [38]
Overfull \hbox (0.76672pt too wide) in paragraph at lines 580--580
[] 
 []

[39] [40])
(/home/jlsuarezdiaz/Documentos/Github/TFG/memory/chapters/information_theory.te
x [41]
Cap\IeC {\'\i }tulo 4.

Overfull \hbox (30.0pt too wide) in paragraph at lines 1--1
[][]  
 []

[42

] [43] [44] [45]
Overfull \hbox (46.15005pt too wide) in paragraph at lines 147--147
[] 
 []

[46]
Overfull \hbox (54.49258pt too wide) in paragraph at lines 155--155
[] 
 []


Overfull \hbox (57.88416pt too wide) in paragraph at lines 179--179
[] 
 []


Underfull \vbox (badness 1057) has occurred while \output is active []

 [47])
[48] [49

]
(/home/jlsuarezdiaz/Documentos/Github/TFG/memory/chapters/machine_learning.tex
Cap\IeC {\'\i }tulo 5.

Overfull \hbox (30.0pt too wide) in paragraph at lines 1--1
[][]  
 []

[50

]
LaTeX Font Info:    Try loading font information for OMS+cmr on input line 32.
 (/usr/share/texlive/texmf-dist/tex/latex/base/omscmr.fd
File: omscmr.fd 2014/09/29 v2.5h Standard LaTeX font definitions
)
LaTeX Font Info:    Font shape `OMS/cmr/m/n' in size <10> not available
(Font)              Font shape `OMS/cmsy/m/n' tried instead on input line 32.

Overfull \hbox (10.9543pt too wide) in paragraph at lines 34--35
[]\T1/cmr/bx/n/10 El con-jun-to de los da-tos de en-tre-na-mien-to. \T1/cmr/m/n
/10 (-20) Es una mues-tra fi-ni-ta $\OML/cmm/m/it/10 S \OT1/cmr/m/n/10 (-20) = 
\OMS/cmsy/m/n/10 f\OT1/cmr/m/n/10 (-20) (\OML/cmm/m/it/10 x[]; y[]\OT1/cmr/m/n/
10 (-20) )\OML/cmm/m/it/10 ; [] ; \OT1/cmr/m/n/10 (-20) (\OML/cmm/m/it/10 x[]; 
y[]\OT1/cmr/m/n/10 (-20) )\OMS/cmsy/m/n/10 g ^^Z
 []

[51]
Underfull \vbox (badness 7981) has occurred while \output is active []

 [52])
(/home/jlsuarezdiaz/Documentos/Github/TFG/memory/chapters/dml_theory.tex
[53]
Cap\IeC {\'\i }tulo 6.

Overfull \hbox (30.0pt too wide) in paragraph at lines 1--1
[][]  
 []


Underfull \hbox (badness 10000) in paragraph at lines 34--36

 []

[54

] [55] [56] [57] [58] [59] [60]
<./images/ex_learning_nca.png, id=925, 1300.86pt x 433.62pt>
File: ./images/ex_learning_nca.png Graphic file (type png)

<use ./images/ex_learning_nca.png>
Package pdftex.def Info: ./images/ex_learning_nca.png used on input line 284.
(pdftex.def)             Requested size: 597.50787pt x 199.16988pt.


LaTeX Warning: `h' float specifier changed to `ht'.

<./images/ex_red_dim.png, id=927, 867.24pt x 578.16pt>
File: ./images/ex_red_dim.png Graphic file (type png)

<use ./images/ex_red_dim.png>
Package pdftex.def Info: ./images/ex_red_dim.png used on input line 292.
(pdftex.def)             Requested size: 332.68385pt x 221.79388pt.


LaTeX Warning: `h' float specifier changed to `ht'.

<./images/ex_mover_ejes.png, id=929, 1300.86pt x 433.62pt>
File: ./images/ex_mover_ejes.png Graphic file (type png)

<use ./images/ex_mover_ejes.png>
Package pdftex.def Info: ./images/ex_mover_ejes.png used on input line 301.
(pdftex.def)             Requested size: 569.05511pt x 189.68843pt.


LaTeX Warning: `h' float specifier changed to `ht'.

[61] <./images/ssl.png, id=944, 867.24pt x 433.62pt>
File: ./images/ssl.png Graphic file (type png)
 <use ./images/ssl.png>
Package pdftex.def Info: ./images/ssl.png used on input line 311.
(pdftex.def)             Requested size: 443.57848pt x 221.79169pt.


LaTeX Warning: `h' float specifier changed to `ht'.

[62 <./images/ex_learning_nca.png>] [63 <./images/ex_red_dim.png>] [64 <./image
s/ex_mover_ejes.png>] <./images/voronoi.png, id=971, 433.62pt x 289.08pt>
File: ./images/voronoi.png Graphic file (type png)

<use ./images/voronoi.png>
Package pdftex.def Info: ./images/voronoi.png used on input line 342.
(pdftex.def)             Requested size: 221.78923pt x 147.86111pt.
 [65 <./images/ssl.png> <./images/voronoi.png>]
<./images/compare_knn.png, id=983, 867.24pt x 433.62pt>
File: ./images/compare_knn.png Graphic file (type png)

<use ./images/compare_knn.png>
Package pdftex.def Info: ./images/compare_knn.png used on input line 352.
(pdftex.def)             Requested size: 443.57848pt x 221.79169pt.
LaTeX Font Info:    Try loading font information for U+bbm on input line 356.

(/usr/share/texlive/texmf-dist/tex/latex/bbm-macros/ubbm.fd
File: ubbm.fd 1999/03/15 V 1.2 Font definition for bbm font - TH
) [66 <./images/compare_knn.png>])
(/home/jlsuarezdiaz/Documentos/Github/TFG/memory/chapters/dml_algorithms.tex
[67]
Cap\IeC {\'\i }tulo 7.

Overfull \hbox (30.0pt too wide) in paragraph at lines 1--1
[][]  
 []

[68

] [69] <./images/pca.png, id=1022, 867.24pt x 867.24pt>
File: ./images/pca.png Graphic file (type png)

<use ./images/pca.png>
Package pdftex.def Info: ./images/pca.png used on input line 81.
(pdftex.def)             Requested size: 332.68385pt x 332.69086pt.


LaTeX Warning: `h' float specifier changed to `ht'.

[70] <./images/lda.png, id=1032, 867.24pt x 433.62pt>
File: ./images/lda.png Graphic file (type png)
 <use ./images/lda.png>
Package pdftex.def Info: ./images/lda.png used on input line 93.
(pdftex.def)             Requested size: 332.68385pt x 166.34541pt.


LaTeX Warning: `h' float specifier changed to `ht'.

[71 <./images/pca.png>] [72 <./images/lda.png>] [73]
<./images/anmm.png, id=1067, 839.135pt x 776.9025pt>
File: ./images/anmm.png Graphic file (type png)
 <use ./images/anmm.png>
Package pdftex.def Info: ./images/anmm.png used on input line 176.
(pdftex.def)             Requested size: 243.96951pt x 225.87682pt.


LaTeX Warning: `h' float specifier changed to `ht'.

[74] [75 <./images/anmm.png>] [76]
<images/lmnn1.png, id=1096, 741.77126pt x 540.0175pt>
File: images/lmnn1.png Graphic file (type png)
 <use images/lmnn1.png>
Package pdftex.def Info: images/lmnn1.png used on input line 242.
(pdftex.def)             Requested size: 195.41396pt x 142.26378pt.

<images/lmnn2.png, id=1097, 752.8125pt x 492.84125pt>
File: images/lmnn2.png Graphic file (type png)
 <use images/lmnn2.png>
Package pdftex.def Info: images/lmnn2.png used on input line 246.
(pdftex.def)             Requested size: 217.31065pt x 142.26378pt.

Overfull \hbox (2.32141pt too wide) in paragraph at lines 246--247
 [][] 
 []

[77 </home/jlsuarezdiaz/Documentos/Github/TFG/memory/images/lmnn1.png> </home/j
lsuarezdiaz/Documentos/Github/TFG/memory/images/lmnn2.png>] [78] [79] [80]
<images/ncm_problem.png, id=1139, 867.24pt x 433.62pt>
File: images/ncm_problem.png Graphic file (type png)

<use images/ncm_problem.png>
Package pdftex.def Info: images/ncm_problem.png used on input line 372.
(pdftex.def)             Requested size: 443.57848pt x 221.79169pt.


LaTeX Warning: `h' float specifier changed to `ht'.

[81] [82 </home/jlsuarezdiaz/Documentos/Github/TFG/memory/images/ncm_problem.pn
g>] [83] [84] [85] [86] [87] [88]
Overfull \hbox (10.00525pt too wide) in paragraph at lines 609--610
\OMS/cmsy/m/n/10 f\OML/cmm/m/it/10 x[]; [] ; x[]\OMS/cmsy/m/n/10 g ^^Z \U/msb/m
/n/10 R[]$ \T1/cmr/m/n/10 (-20) y co-no-ce-mos adi-cio-nal-men-te el con-jun-to
 $\OML/cmm/m/it/10 S \OT1/cmr/m/n/10 (-20) = \OMS/cmsy/m/n/10 f\OT1/cmr/m/n/10 
(-20) (\OML/cmm/m/it/10 x[]; x[]\OT1/cmr/m/n/10 (-20) ) \OMS/cmsy/m/n/10 2 X ^^
B X [] [] \OML/cmm/m/it/10 x[][]x[][]\OMS/cmsy/m/n/10 g$\T1/cmr/m/n/10 (-20) .
 []

[89]
Overfull \hbox (3.5611pt too wide) in paragraph at lines 636--637
[]\T1/cmr/m/n/10 (-20) Consideramos, al igual que en el ca-so an-te-rior, un co
n-jun-to de da-tos de en-tre-na-mien-to $\OMS/cmsy/m/n/10 X \OT1/cmr/m/n/10 (-2
0) = \OMS/cmsy/m/n/10 f\OML/cmm/m/it/10 x[]; [] ; x[]\OMS/cmsy/m/n/10 g ^^Z
 []

[90] [91] <images/logistica.png, id=1264, 1462.46375pt x 614.295pt>
File: images/logistica.png Graphic file (type png)

<use images/logistica.png>
Package pdftex.def Info: images/logistica.png used on input line 704.
(pdftex.def)             Requested size: 288.32329pt x 121.10399pt.

Underfull \vbox (badness 4634) has occurred while \output is active []

 [92 </home/jlsuarezdiaz/Documentos/Github/TFG/memory/images/logistica.png>]
<images/svm_example.png, id=1275, 433.62pt x 433.62pt>
File: images/svm_example.png Graphic file (type png)

<use images/svm_example.png>
Package pdftex.def Info: images/svm_example.png used on input line 745.
(pdftex.def)             Requested size: 221.78923pt x 221.79169pt.


LaTeX Warning: `h' float specifier changed to `ht'.

<images/svm_problem.png, id=1277, 433.62pt x 216.81pt>
File: images/svm_problem.png Graphic file (type png)

<use images/svm_problem.png>
Package pdftex.def Info: images/svm_problem.png used on input line 753.
(pdftex.def)             Requested size: 221.78923pt x 110.89584pt.


LaTeX Warning: `h' float specifier changed to `ht'.

<images/svm_solution.png, id=1279, 867.24pt x 433.62pt>
File: images/svm_solution.png Graphic file (type png)

<use images/svm_solution.png>
Package pdftex.def Info: images/svm_solution.png used on input line 760.
(pdftex.def)             Requested size: 354.86412pt x 177.43468pt.
 [93]

LaTeX Warning: `h' float specifier changed to `ht'.

[94 </home/jlsuarezdiaz/Documentos/Github/TFG/memory/images/svm_example.png> </
home/jlsuarezdiaz/Documentos/Github/TFG/memory/images/svm_problem.png>]
[95 </home/jlsuarezdiaz/Documentos/Github/TFG/memory/images/svm_solution.png>]
Underfull \hbox (badness 10000) in paragraph at lines 814--816

 []

[96]
Underfull \vbox (badness 2903) has occurred while \output is active []

 [97]
Overfull \hbox (57.56618pt too wide) in paragraph at lines 887--887
[] 
 []

[98] [99] [100]
Underfull \vbox (badness 1259) has occurred while \output is active []

 [101])
[102] [103

]
(/home/jlsuarezdiaz/Documentos/Github/TFG/memory/chapters/software.tex
Cap\IeC {\'\i }tulo 8.

Overfull \hbox (30.0pt too wide) in paragraph at lines 1--1
[][]  
 []

LaTeX Font Info:    Try loading font information for T1+cmtt on input line 9.
(/usr/share/texlive/texmf-dist/tex/latex/base/t1cmtt.fd
File: t1cmtt.fd 2014/09/29 v2.5h Standard LaTeX font definitions
)
Package microtype Info: Loading generic settings for font family
(microtype)             `cmtt' (encoding: T1).
(microtype)             For optimal results, create family-specific settings.
(microtype)             See the microtype manual for details.
\openout5 = `main.pyg'.


(/home/jlsuarezdiaz/Documentos/Github/TFG/memory/_minted-main/7B8A59E4794279E41
2284F48FED4EE2E7BC9F1650E5147204109012551E408CD.pygtex
LaTeX Font Info:    Font shape `T1/cmtt/bx/n' in size <8> not available
(Font)              Font shape `T1/cmtt/m/n' tried instead on input line 2.
)

LaTeX Warning: `h' float specifier changed to `ht'.

[104

]
\openout6 = `main.pyg'.


(/home/jlsuarezdiaz/Documentos/Github/TFG/memory/_minted-main/68A3438ACD893610C
3CB6596D9DA6E85A8462FD1C214ED80FDED64CD2D0A4925.pygtex) [105]
<images/uml_pydml.png, id=1437, 1143.27126pt x 579.16376pt>
File: images/uml_pydml.png Graphic file (type png)

<use images/uml_pydml.png>
Package pdftex.def Info: images/uml_pydml.png used on input line 69.
(pdftex.def)             Requested size: 332.68385pt x 168.5276pt.
 [106] [107 </home/jlsuarezdiaz/Documentos/Github/TFG/memory/images/uml_pydml.p
ng>]
\openout6 = `main.pyg'.


(/home/jlsuarezdiaz/Documentos/Github/TFG/memory/_minted-main/80F95F32929A68E13
D48FAED6A45D7BEA8462FD1C214ED80FDED64CD2D0A4925.pygtex)
\openout5 = `main.pyg'.


(/home/jlsuarezdiaz/Documentos/Github/TFG/memory/_minted-main/72B7A0F6CF5ACE2D6
9ED0DB80B8D5D4D7BC9F1650E5147204109012551E408CD.pygtex)

LaTeX Warning: `h' float specifier changed to `ht'.

[108]
\openout5 = `main.pyg'.


(/home/jlsuarezdiaz/Documentos/Github/TFG/memory/_minted-main/11634EBE1D09ECE77
678DC48C4207DDD7BC9F1650E5147204109012551E408CD.pygtex)
<images/plotdoc7.png, id=1476, 867.24pt x 867.24pt>
File: images/plotdoc7.png Graphic file (type png)
 <use images/plotdoc7.png>
Package pdftex.def Info: images/plotdoc7.png used on input line 194.
(pdftex.def)             Requested size: 310.50357pt x 310.49911pt.


LaTeX Warning: `h' float specifier changed to `ht'.

\openout5 = `main.pyg'.


(/home/jlsuarezdiaz/Documentos/Github/TFG/memory/_minted-main/A2A125376D67D8BC8
E22070072F6617029BCBD9C0AD3183A9A25CE83B6D54D53.pygtex)
\openout5 = `main.pyg'.


(/home/jlsuarezdiaz/Documentos/Github/TFG/memory/_minted-main/3599C4BBAC40475E9
5C2ACBB7FD456AD29BCBD9C0AD3183A9A25CE83B6D54D53.pygtex
LaTeX Font Info:    Font shape `T1/cmtt/bx/n' in size <10> not available
(Font)              Font shape `T1/cmtt/m/n' tried instead on input line 2.
)
\openout5 = `main.pyg'.


(/home/jlsuarezdiaz/Documentos/Github/TFG/memory/_minted-main/37CC6E56DE3B43E8E
E1F41ECC1318CB829BCBD9C0AD3183A9A25CE83B6D54D53.pygtex))

LaTeX Warning: `h' float specifier changed to `ht'.

(/home/jlsuarezdiaz/Documentos/Github/TFG/memory/chapters/experiments.tex
[109] [110] [111 </home/jlsuarezdiaz/Documentos/Github/TFG/memory/images/plotdo
c7.png>] [112]
Cap\IeC {\'\i }tulo 9.

Overfull \hbox (30.0pt too wide) in paragraph at lines 1--1
[][]  
 []

[113

] (/home/jlsuarezdiaz/Documentos/Github/TFG/memory/results/datasets.tex)

LaTeX Warning: `h' float specifier changed to `ht'.


Underfull \hbox (badness 1769) in paragraph at lines 43--43
[][][]\T1/cmr/m/n/8 (+20) Se en-cuen-tra im-ple-men-ta-do en Scikit-Learn: [][]
$\T1/cmtt/m/n/8 http : / / scikit-[]learn . org / stable / modules / generated 
/ sklearn .
 []

[114]
(/home/jlsuarezdiaz/Documentos/Github/TFG/memory/results/basic-experiments-trai
n-3nn.tex)

LaTeX Warning: `h' float specifier changed to `ht'.


(/home/jlsuarezdiaz/Documentos/Github/TFG/memory/results/basic-experiments-test
-3nn.tex)

LaTeX Warning: `h' float specifier changed to `ht'.


(/home/jlsuarezdiaz/Documentos/Github/TFG/memory/results/basic-experiments-trai
n-5nn.tex)

LaTeX Warning: `h' float specifier changed to `ht'.


(/home/jlsuarezdiaz/Documentos/Github/TFG/memory/results/basic-experiments-test
-5nn.tex)

LaTeX Warning: `h' float specifier changed to `ht'.


(/home/jlsuarezdiaz/Documentos/Github/TFG/memory/results/basic-experiments-trai
n-7nn.tex)

LaTeX Warning: `h' float specifier changed to `ht'.


(/home/jlsuarezdiaz/Documentos/Github/TFG/memory/results/basic-experiments-test
-7nn.tex)

LaTeX Warning: `h' float specifier changed to `ht'.


(/home/jlsuarezdiaz/Documentos/Github/TFG/memory/results/ncm-experiments-train.
tex)

LaTeX Warning: `h' float specifier changed to `ht'.


(/home/jlsuarezdiaz/Documentos/Github/TFG/memory/results/ncm-experiments-test.t
ex)

LaTeX Warning: `h' float specifier changed to `ht'.

(/home/jlsuarezdiaz/Documentos/Github/TFG/memory/results/ker-train-a.tex)

LaTeX Warning: `h' float specifier changed to `ht'.

(/home/jlsuarezdiaz/Documentos/Github/TFG/memory/results/ker-train-b.tex)

LaTeX Warning: `h' float specifier changed to `ht'.

(/home/jlsuarezdiaz/Documentos/Github/TFG/memory/results/ker-test-a.tex)

LaTeX Warning: `h' float specifier changed to `ht'.

(/home/jlsuarezdiaz/Documentos/Github/TFG/memory/results/ker-test-b.tex)

LaTeX Warning: `h' float specifier changed to `ht'.


(/home/jlsuarezdiaz/Documentos/Github/TFG/memory/results/dim-exp-sonar-train-3n
n.tex)
(/home/jlsuarezdiaz/Documentos/Github/TFG/memory/results/dim-exp-sonar-test-3nn
.tex)

LaTeX Warning: `h' float specifier changed to `ht'.


(/home/jlsuarezdiaz/Documentos/Github/TFG/memory/results/dim-exp-sonar-train-5n
n.tex)
(/home/jlsuarezdiaz/Documentos/Github/TFG/memory/results/dim-exp-sonar-test-5nn
.tex)

LaTeX Warning: `h' float specifier changed to `ht'.


(/home/jlsuarezdiaz/Documentos/Github/TFG/memory/results/dim-exp-sonar-train-7n
n.tex)
(/home/jlsuarezdiaz/Documentos/Github/TFG/memory/results/dim-exp-sonar-test-7nn
.tex)

LaTeX Warning: `h' float specifier changed to `ht'.


(/home/jlsuarezdiaz/Documentos/Github/TFG/memory/results/dim-exp-movement_libra
s-train-3nn.tex)
(/home/jlsuarezdiaz/Documentos/Github/TFG/memory/results/dim-exp-movement_libra
s-test-3nn.tex)

LaTeX Warning: `h' float specifier changed to `ht'.


(/home/jlsuarezdiaz/Documentos/Github/TFG/memory/results/dim-exp-movement_libra
s-train-5nn.tex)
(/home/jlsuarezdiaz/Documentos/Github/TFG/memory/results/dim-exp-movement_libra
s-test-5nn.tex)

LaTeX Warning: `h' float specifier changed to `ht'.


(/home/jlsuarezdiaz/Documentos/Github/TFG/memory/results/dim-exp-movement_libra
s-train-7nn.tex)
(/home/jlsuarezdiaz/Documentos/Github/TFG/memory/results/dim-exp-movement_libra
s-test-7nn.tex)

LaTeX Warning: `h' float specifier changed to `ht'.


(/home/jlsuarezdiaz/Documentos/Github/TFG/memory/results/dim-exp-spambase-train
-3nn.tex)
(/home/jlsuarezdiaz/Documentos/Github/TFG/memory/results/dim-exp-spambase-test-
3nn.tex)

LaTeX Warning: `h' float specifier changed to `ht'.


(/home/jlsuarezdiaz/Documentos/Github/TFG/memory/results/dim-exp-spambase-train
-5nn.tex)
(/home/jlsuarezdiaz/Documentos/Github/TFG/memory/results/dim-exp-spambase-test-
5nn.tex)

LaTeX Warning: `h' float specifier changed to `ht'.


(/home/jlsuarezdiaz/Documentos/Github/TFG/memory/results/dim-exp-spambase-train
-7nn.tex)
(/home/jlsuarezdiaz/Documentos/Github/TFG/memory/results/dim-exp-spambase-test-
7nn.tex)

LaTeX Warning: `h' float specifier changed to `ht'.


Underfull \vbox (badness 10000) has occurred while \output is active []

 [115]
[116] [117] [118]) [119] [120] [121] [122] [123] [124] [125] [126] [127

]
(/home/jlsuarezdiaz/Documentos/Github/TFG/memory/chapters/conclussion.tex
Cap\IeC {\'\i }tulo 10.

Overfull \hbox (30.0pt too wide) in paragraph at lines 1--1
[][]  
 []

[128

]) [129] [130

] [131] 
AED: lastpage setting LastPage
[132]
runsystem(rm "main.pyg")...executed.

Package atveryend Info: Empty hook `BeforeClearDocument' on input line 210.
Package atveryend Info: Empty hook `AfterLastShipout' on input line 210.
 (/home/jlsuarezdiaz/Documentos/Github/TFG/memory/main.aux
LaTeX Info: Redefining \. on input line 23.
LaTeX Info: Redefining \% on input line 23.
LaTeX Info: Redefining \. on input line 31.
LaTeX Info: Redefining \% on input line 31.
)
Package atveryend Info: Executing hook `AtVeryEndDocument' on input line 210.
Package atveryend Info: Empty hook `AtEndAfterFileList' on input line 210.
Package logreq Info: Writing requests to 'main.run.xml'.
\openout1 = `main.run.xml'.

 ) 
Here is how much of TeX's memory you used:
 31465 strings out of 493029
 557774 string characters out of 6136235
 1313142 words of memory out of 5000000
 33466 multiletter control sequences out of 15000+600000
 40006 words of font info for 215 fonts, out of 8000000 for 9000
 1141 hyphenation exceptions out of 8191
 46i,18n,77p,10397b,2063s stack positions out of 5000i,500n,10000p,200000b,80000s
{/usr/share/texmf/fonts/enc/dvips/cm-super/cm-super-t1.enc} </home/jlsuarezdi
az/.texmf-var/fonts/pk/ljfour/public/bbm/bbm10.600pk>{/usr/share/texlive/texmf-
dist/fonts/enc/dvips/base/8r.enc}</usr/share/texlive/texmf-dist/fonts/type1/pub
lic/amsfonts/cm/cmex10.pfb></usr/share/texlive/texmf-dist/fonts/type1/public/am
sfonts/cmextra/cmex7.pfb></usr/share/texlive/texmf-dist/fonts/type1/public/amsf
onts/cm/cmmi10.pfb></usr/share/texlive/texmf-dist/fonts/type1/public/amsfonts/c
m/cmmi5.pfb></usr/share/texlive/texmf-dist/fonts/type1/public/amsfonts/cm/cmmi6
.pfb></usr/share/texlive/texmf-dist/fonts/type1/public/amsfonts/cm/cmmi7.pfb></
usr/share/texlive/texmf-dist/fonts/type1/public/amsfonts/cm/cmmi8.pfb></usr/sha
re/texlive/texmf-dist/fonts/type1/public/amsfonts/cm/cmr10.pfb></usr/share/texl
ive/texmf-dist/fonts/type1/public/amsfonts/cm/cmr5.pfb></usr/share/texlive/texm
f-dist/fonts/type1/public/amsfonts/cm/cmr6.pfb></usr/share/texlive/texmf-dist/f
onts/type1/public/amsfonts/cm/cmr7.pfb></usr/share/texlive/texmf-dist/fonts/typ
e1/public/amsfonts/cm/cmr8.pfb></usr/share/texlive/texmf-dist/fonts/type1/publi
c/amsfonts/cm/cmsy10.pfb></usr/share/texlive/texmf-dist/fonts/type1/public/amsf
onts/cm/cmsy5.pfb></usr/share/texlive/texmf-dist/fonts/type1/public/amsfonts/cm
/cmsy7.pfb></usr/share/texlive/texmf-dist/fonts/type1/public/amsfonts/symbols/m
sam10.pfb></usr/share/texlive/texmf-dist/fonts/type1/public/amsfonts/symbols/ms
am7.pfb></usr/share/texlive/texmf-dist/fonts/type1/public/amsfonts/symbols/msbm
10.pfb></usr/share/texlive/texmf-dist/fonts/type1/public/amsfonts/symbols/msbm7
.pfb></usr/share/texmf/fonts/type1/public/cm-super/sfbi1000.pfb></usr/share/tex
mf/fonts/type1/public/cm-super/sfbx1000.pfb></usr/share/texmf/fonts/type1/publi
c/cm-super/sfbx1200.pfb></usr/share/texmf/fonts/type1/public/cm-super/sfbx1440.
pfb></usr/share/texmf/fonts/type1/public/cm-super/sfbx1728.pfb></usr/share/texm
f/fonts/type1/public/cm-super/sfbx2074.pfb></usr/share/texmf/fonts/type1/public
/cm-super/sfbx2488.pfb></usr/share/texmf/fonts/type1/public/cm-super/sfcc1000.p
fb></usr/share/texmf/fonts/type1/public/cm-super/sfit0800.pfb></usr/share/texmf
/fonts/type1/public/cm-super/sfrm0500.pfb></usr/share/texmf/fonts/type1/public/
cm-super/sfrm0600.pfb></usr/share/texmf/fonts/type1/public/cm-super/sfrm0700.pf
b></usr/share/texmf/fonts/type1/public/cm-super/sfrm0800.pfb></usr/share/texmf/
fonts/type1/public/cm-super/sfrm1000.pfb></usr/share/texmf/fonts/type1/public/c
m-super/sfrm1728.pfb></usr/share/texmf/fonts/type1/public/cm-super/sfrm2488.pfb
></usr/share/texmf/fonts/type1/public/cm-super/sfti1000.pfb></usr/share/texmf/f
onts/type1/public/cm-super/sftt0800.pfb></usr/share/texmf/fonts/type1/public/cm
-super/sftt1000.pfb></usr/share/texlive/texmf-dist/fonts/type1/urw/times/utmr8a
.pfb>
Output written on /home/jlsuarezdiaz/Documentos/Github/TFG/memory/main.pdf (138
 pages, 2286019 bytes).
PDF statistics:
 2249 PDF objects out of 2487 (max. 8388607)
 2003 compressed objects within 21 object streams
 625 named destinations out of 1000 (max. 500000)
 29567 words of extra memory for PDF output out of 29859 (max. 10000000)

